<?xml version="1.0" encoding="UTF-8"?>
<coverage generated="1600434592782" clover="3.2.0">
  <project timestamp="1600434592782" name="All files">
    <metrics statements="417" coveredstatements="392" conditionals="47" coveredconditionals="29" methods="74" coveredmethods="58" elements="538" coveredelements="479" complexity="0" loc="417" ncloc="417" packages="14" files="17" classes="17">
      <package name="config">
        <metrics statements="1" coveredstatements="1" conditionals="0" coveredconditionals="0" methods="0" coveredmethods="0"/>
        <file name="customStatus.js" path="/Users/pro/Desktop/Work/Sparta_V-2-Frontend/src/config/customStatus.js">
          <metrics statements="0" coveredstatements="0" conditionals="0" coveredconditionals="0" methods="0" coveredmethods="0"/>
        </file>
        <file name="endPoints.js" path="/Users/pro/Desktop/Work/Sparta_V-2-Frontend/src/config/endPoints.js">
          <metrics statements="0" coveredstatements="0" conditionals="0" coveredconditionals="0" methods="0" coveredmethods="0"/>
        </file>
        <file name="filterTypes.js" path="/Users/pro/Desktop/Work/Sparta_V-2-Frontend/src/config/filterTypes.js">
          <metrics statements="1" coveredstatements="1" conditionals="0" coveredconditionals="0" methods="0" coveredmethods="0"/>
          <line num="1" count="1" type="stmt"/>
        </file>
      </package>
      <package name="store">
        <metrics statements="3" coveredstatements="3" conditionals="0" coveredconditionals="0" methods="0" coveredmethods="0"/>
        <file name="api.js" path="/Users/pro/Desktop/Work/Sparta_V-2-Frontend/src/store/api.js">
          <metrics statements="3" coveredstatements="3" conditionals="0" coveredconditionals="0" methods="0" coveredmethods="0"/>
          <line num="3" count="16" type="stmt"/>
          <line num="4" count="16" type="stmt"/>
          <line num="5" count="16" type="stmt"/>
        </file>
      </package>
      <package name="store.ChartsOfAccounts">
        <metrics statements="73" coveredstatements="69" conditionals="4" coveredconditionals="2" methods="13" coveredmethods="9"/>
        <file name="account.js" path="/Users/pro/Desktop/Work/Sparta_V-2-Frontend/src/store/ChartsOfAccounts/account.js">
          <metrics statements="73" coveredstatements="69" conditionals="4" coveredconditionals="2" methods="13" coveredmethods="9"/>
          <line num="6" count="4" type="stmt"/>
          <line num="28" count="4" type="stmt"/>
          <line num="30" count="4" type="stmt"/>
          <line num="35" count="1" type="stmt"/>
          <line num="36" count="1" type="stmt"/>
          <line num="37" count="1" type="stmt"/>
          <line num="41" count="3" type="stmt"/>
          <line num="42" count="3" type="stmt"/>
          <line num="43" count="3" type="stmt"/>
          <line num="44" count="3" type="stmt"/>
          <line num="48" count="1" type="stmt"/>
          <line num="49" count="1" type="stmt"/>
          <line num="50" count="1" type="stmt"/>
          <line num="54" count="1" type="stmt"/>
          <line num="55" count="1" type="stmt"/>
          <line num="56" count="1" type="stmt"/>
          <line num="60" count="1" type="stmt"/>
          <line num="61" count="1" type="stmt"/>
          <line num="62" count="1" type="stmt"/>
          <line num="63" count="1" type="stmt"/>
          <line num="67" count="1" type="stmt"/>
          <line num="68" count="1" type="stmt"/>
          <line num="69" count="1" type="stmt"/>
          <line num="73" count="1" type="stmt"/>
          <line num="74" count="1" type="stmt"/>
          <line num="75" count="1" type="stmt"/>
          <line num="79" count="1" type="stmt"/>
          <line num="80" count="1" type="stmt"/>
          <line num="81" count="1" type="stmt"/>
          <line num="82" count="1" type="stmt"/>
          <line num="83" count="1" type="cond" truecount="1" falsecount="1"/>
          <line num="84" count="1" type="stmt"/>
          <line num="89" count="1" type="stmt"/>
          <line num="90" count="1" type="stmt"/>
          <line num="91" count="1" type="stmt"/>
          <line num="95" count="1" type="stmt"/>
          <line num="96" count="1" type="stmt"/>
          <line num="97" count="1" type="stmt"/>
          <line num="101" count="1" type="stmt"/>
          <line num="102" count="1" type="stmt"/>
          <line num="103" count="1" type="stmt"/>
          <line num="104" count="1" type="stmt"/>
          <line num="105" count="1" type="cond" truecount="1" falsecount="1"/>
          <line num="106" count="1" type="stmt"/>
          <line num="110" count="1" type="stmt"/>
          <line num="111" count="1" type="stmt"/>
          <line num="112" count="1" type="stmt"/>
          <line num="117" count="16" type="stmt"/>
          <line num="121" count="16" type="stmt"/>
          <line num="128" count="4" type="stmt"/>
          <line num="130" count="4" type="stmt"/>
          <line num="131" count="3" type="stmt"/>
          <line num="132" count="3" type="stmt"/>
          <line num="137" count="4" type="stmt"/>
          <line num="138" count="3" type="stmt"/>
          <line num="139" count="3" type="stmt"/>
          <line num="142" count="4" type="stmt"/>
          <line num="143" count="3" type="stmt"/>
          <line num="144" count="3" type="stmt"/>
          <line num="147" count="4" type="stmt"/>
          <line num="148" count="3" type="stmt"/>
          <line num="149" count="3" type="stmt"/>
          <line num="152" count="4" type="stmt"/>
          <line num="153" count="4" type="stmt"/>
          <line num="154" count="4" type="stmt"/>
          <line num="157" count="4" type="stmt"/>
          <line num="158" count="0" type="stmt"/>
          <line num="166" count="4" type="stmt"/>
          <line num="167" count="0" type="stmt"/>
          <line num="176" count="4" type="stmt"/>
          <line num="177" count="0" type="stmt"/>
          <line num="186" count="4" type="stmt"/>
          <line num="187" count="0" type="stmt"/>
        </file>
      </package>
      <package name="store.FilterData">
        <metrics statements="58" coveredstatements="49" conditionals="29" coveredconditionals="18" methods="7" coveredmethods="6"/>
        <file name="index.js" path="/Users/pro/Desktop/Work/Sparta_V-2-Frontend/src/store/FilterData/index.js">
          <metrics statements="58" coveredstatements="49" conditionals="29" coveredconditionals="18" methods="7" coveredmethods="6"/>
          <line num="4" count="1" type="stmt"/>
          <line num="5" count="1" type="stmt"/>
          <line num="10" count="1" type="stmt"/>
          <line num="11" count="7" type="stmt"/>
          <line num="12" count="7" type="stmt"/>
          <line num="13" count="21" type="stmt"/>
          <line num="14" count="21" type="stmt"/>
          <line num="15" count="21" type="cond" truecount="4" falsecount="1"/>
          <line num="17" count="11" type="cond" truecount="2" falsecount="0"/>
          <line num="18" count="6" type="stmt"/>
          <line num="20" count="11" type="stmt"/>
          <line num="24" count="3" type="stmt"/>
          <line num="25" count="3" type="cond" truecount="2" falsecount="0"/>
          <line num="26" count="1" type="stmt"/>
          <line num="28" count="3" type="stmt"/>
          <line num="32" count="4" type="stmt"/>
          <line num="33" count="4" type="stmt"/>
          <line num="34" count="4" type="cond" truecount="2" falsecount="0"/>
          <line num="35" count="2" type="stmt"/>
          <line num="36" count="2" type="cond" truecount="2" falsecount="0"/>
          <line num="37" count="1" type="cond" truecount="1" falsecount="1"/>
          <line num="38" count="1" type="stmt"/>
          <line num="39" count="0" type="cond" truecount="0" falsecount="2"/>
          <line num="40" count="0" type="cond" truecount="0" falsecount="2"/>
          <line num="41" count="0" type="stmt"/>
          <line num="45" count="4" type="stmt"/>
          <line num="49" count="3" type="stmt"/>
          <line num="50" count="3" type="stmt"/>
          <line num="51" count="3" type="cond" truecount="2" falsecount="0"/>
          <line num="52" count="1" type="stmt"/>
          <line num="53" count="2" type="cond" truecount="1" falsecount="1"/>
          <line num="54" count="2" type="cond" truecount="1" falsecount="1"/>
          <line num="55" count="0" type="stmt"/>
          <line num="56" count="2" type="cond" truecount="1" falsecount="1"/>
          <line num="57" count="0" type="cond" truecount="0" falsecount="2"/>
          <line num="58" count="0" type="stmt"/>
          <line num="62" count="3" type="stmt"/>
          <line num="65" count="0" type="stmt"/>
          <line num="69" count="7" type="stmt"/>
          <line num="73" count="1" type="stmt"/>
          <line num="78" count="7" type="stmt"/>
          <line num="79" count="7" type="stmt"/>
          <line num="87" count="4" type="stmt"/>
          <line num="88" count="4" type="stmt"/>
          <line num="89" count="5" type="stmt"/>
          <line num="93" count="4" type="stmt"/>
          <line num="100" count="1" type="stmt"/>
          <line num="104" count="5" type="stmt"/>
          <line num="108" count="5" type="stmt"/>
          <line num="110" count="1" type="stmt"/>
          <line num="111" count="0" type="stmt"/>
          <line num="112" count="0" type="stmt"/>
          <line num="115" count="1" type="stmt"/>
          <line num="116" count="1" type="stmt"/>
          <line num="117" count="1" type="stmt"/>
          <line num="120" count="1" type="stmt"/>
          <line num="123" count="4" type="stmt"/>
          <line num="124" count="4" type="stmt"/>
        </file>
      </package>
      <package name="store.FiscalYear">
        <metrics statements="57" coveredstatements="54" conditionals="2" coveredconditionals="1" methods="11" coveredmethods="8"/>
        <file name="fiscalYear.js" path="/Users/pro/Desktop/Work/Sparta_V-2-Frontend/src/store/FiscalYear/fiscalYear.js">
          <metrics statements="24" coveredstatements="23" conditionals="0" coveredconditionals="0" methods="5" coveredmethods="4"/>
          <line num="6" count="1" type="stmt"/>
          <line num="13" count="1" type="stmt"/>
          <line num="15" count="1" type="stmt"/>
          <line num="20" count="1" type="stmt"/>
          <line num="21" count="1" type="stmt"/>
          <line num="22" count="1" type="stmt"/>
          <line num="26" count="1" type="stmt"/>
          <line num="27" count="1" type="stmt"/>
          <line num="28" count="1" type="stmt"/>
          <line num="29" count="1" type="stmt"/>
          <line num="33" count="1" type="stmt"/>
          <line num="34" count="1" type="stmt"/>
          <line num="35" count="1" type="stmt"/>
          <line num="42" count="1" type="stmt"/>
          <line num="44" count="3" type="stmt"/>
          <line num="45" count="4" type="stmt"/>
          <line num="47" count="1" type="stmt"/>
          <line num="48" count="3" type="stmt"/>
          <line num="49" count="3" type="stmt"/>
          <line num="51" count="1" type="stmt"/>
          <line num="52" count="1" type="stmt"/>
          <line num="53" count="1" type="stmt"/>
          <line num="58" count="1" type="stmt"/>
          <line num="59" count="0" type="stmt"/>
        </file>
        <file name="period.js" path="/Users/pro/Desktop/Work/Sparta_V-2-Frontend/src/store/FiscalYear/period.js">
          <metrics statements="33" coveredstatements="31" conditionals="2" coveredconditionals="1" methods="6" coveredmethods="4"/>
          <line num="6" count="1" type="stmt"/>
          <line num="14" count="1" type="stmt"/>
          <line num="19" count="1" type="stmt"/>
          <line num="20" count="1" type="stmt"/>
          <line num="21" count="1" type="stmt"/>
          <line num="24" count="2" type="stmt"/>
          <line num="25" count="2" type="stmt"/>
          <line num="26" count="2" type="stmt"/>
          <line num="29" count="1" type="stmt"/>
          <line num="30" count="1" type="stmt"/>
          <line num="31" count="1" type="stmt"/>
          <line num="34" count="1" type="stmt"/>
          <line num="35" count="1" type="stmt"/>
          <line num="36" count="1" type="stmt"/>
          <line num="39" count="1" type="stmt"/>
          <line num="40" count="1" type="stmt"/>
          <line num="41" count="1" type="stmt"/>
          <line num="42" count="1" type="stmt"/>
          <line num="43" count="1" type="cond" truecount="1" falsecount="1"/>
          <line num="44" count="1" type="stmt"/>
          <line num="48" count="1" type="stmt"/>
          <line num="49" count="1" type="stmt"/>
          <line num="50" count="1" type="stmt"/>
          <line num="59" count="1" type="stmt"/>
          <line num="62" count="2" type="stmt"/>
          <line num="63" count="1" type="stmt"/>
          <line num="64" count="6" type="stmt"/>
          <line num="65" count="6" type="stmt"/>
          <line num="70" count="8" type="stmt"/>
          <line num="72" count="1" type="stmt"/>
          <line num="73" count="0" type="stmt"/>
          <line num="81" count="1" type="stmt"/>
          <line num="82" count="0" type="stmt"/>
        </file>
      </package>
      <package name="store.GeneralJournal">
        <metrics statements="69" coveredstatements="67" conditionals="4" coveredconditionals="2" methods="11" coveredmethods="9"/>
        <file name="generalJournal.js" path="/Users/pro/Desktop/Work/Sparta_V-2-Frontend/src/store/GeneralJournal/generalJournal.js">
          <metrics statements="69" coveredstatements="67" conditionals="4" coveredconditionals="2" methods="11" coveredmethods="9"/>
          <line num="6" count="4" type="stmt"/>
          <line num="30" count="4" type="stmt"/>
          <line num="32" count="4" type="stmt"/>
          <line num="37" count="1" type="stmt"/>
          <line num="38" count="1" type="stmt"/>
          <line num="39" count="1" type="stmt"/>
          <line num="42" count="1" type="stmt"/>
          <line num="43" count="1" type="stmt"/>
          <line num="44" count="1" type="stmt"/>
          <line num="45" count="1" type="stmt"/>
          <line num="48" count="1" type="stmt"/>
          <line num="49" count="1" type="stmt"/>
          <line num="50" count="1" type="stmt"/>
          <line num="54" count="1" type="stmt"/>
          <line num="55" count="1" type="stmt"/>
          <line num="56" count="1" type="stmt"/>
          <line num="59" count="3" type="stmt"/>
          <line num="60" count="3" type="stmt"/>
          <line num="61" count="3" type="stmt"/>
          <line num="62" count="3" type="stmt"/>
          <line num="65" count="1" type="stmt"/>
          <line num="66" count="1" type="stmt"/>
          <line num="67" count="1" type="stmt"/>
          <line num="71" count="1" type="stmt"/>
          <line num="72" count="1" type="stmt"/>
          <line num="73" count="1" type="stmt"/>
          <line num="76" count="1" type="stmt"/>
          <line num="77" count="1" type="stmt"/>
          <line num="78" count="1" type="stmt"/>
          <line num="79" count="1" type="stmt"/>
          <line num="80" count="1" type="cond" truecount="1" falsecount="1"/>
          <line num="81" count="1" type="stmt"/>
          <line num="85" count="1" type="stmt"/>
          <line num="86" count="1" type="stmt"/>
          <line num="87" count="1" type="stmt"/>
          <line num="91" count="1" type="stmt"/>
          <line num="92" count="1" type="stmt"/>
          <line num="93" count="1" type="stmt"/>
          <line num="96" count="1" type="stmt"/>
          <line num="97" count="1" type="stmt"/>
          <line num="98" count="1" type="stmt"/>
          <line num="99" count="1" type="stmt"/>
          <line num="100" count="1" type="cond" truecount="1" falsecount="1"/>
          <line num="101" count="1" type="stmt"/>
          <line num="105" count="1" type="stmt"/>
          <line num="106" count="1" type="stmt"/>
          <line num="107" count="1" type="stmt"/>
          <line num="117" count="4" type="stmt"/>
          <line num="119" count="19" type="stmt"/>
          <line num="123" count="19" type="stmt"/>
          <line num="125" count="4" type="stmt"/>
          <line num="126" count="3" type="stmt"/>
          <line num="127" count="3" type="stmt"/>
          <line num="130" count="4" type="stmt"/>
          <line num="131" count="4" type="stmt"/>
          <line num="132" count="4" type="stmt"/>
          <line num="135" count="4" type="stmt"/>
          <line num="136" count="4" type="stmt"/>
          <line num="137" count="4" type="stmt"/>
          <line num="140" count="4" type="stmt"/>
          <line num="141" count="4" type="stmt"/>
          <line num="142" count="4" type="stmt"/>
          <line num="145" count="4" type="stmt"/>
          <line num="146" count="4" type="stmt"/>
          <line num="147" count="4" type="stmt"/>
          <line num="150" count="4" type="stmt"/>
          <line num="151" count="0" type="stmt"/>
          <line num="160" count="4" type="stmt"/>
          <line num="161" count="0" type="stmt"/>
        </file>
      </package>
      <package name="store.GeneralLedger">
        <metrics statements="24" coveredstatements="23" conditionals="0" coveredconditionals="0" methods="5" coveredmethods="4"/>
        <file name="generalLedger.js" path="/Users/pro/Desktop/Work/Sparta_V-2-Frontend/src/store/GeneralLedger/generalLedger.js">
          <metrics statements="24" coveredstatements="23" conditionals="0" coveredconditionals="0" methods="5" coveredmethods="4"/>
          <line num="6" count="1" type="stmt"/>
          <line num="7" count="1" type="stmt"/>
          <line num="16" count="1" type="stmt"/>
          <line num="21" count="1" type="stmt"/>
          <line num="22" count="1" type="stmt"/>
          <line num="23" count="1" type="stmt"/>
          <line num="26" count="1" type="stmt"/>
          <line num="27" count="1" type="stmt"/>
          <line num="28" count="1" type="stmt"/>
          <line num="29" count="1" type="stmt"/>
          <line num="32" count="1" type="stmt"/>
          <line num="33" count="1" type="stmt"/>
          <line num="34" count="1" type="stmt"/>
          <line num="43" count="1" type="stmt"/>
          <line num="45" count="5" type="stmt"/>
          <line num="49" count="5" type="stmt"/>
          <line num="51" count="1" type="stmt"/>
          <line num="52" count="4" type="stmt"/>
          <line num="53" count="4" type="stmt"/>
          <line num="56" count="1" type="stmt"/>
          <line num="57" count="1" type="stmt"/>
          <line num="58" count="1" type="stmt"/>
          <line num="61" count="1" type="stmt"/>
          <line num="62" count="0" type="stmt"/>
        </file>
      </package>
      <package name="store.Payment">
        <metrics statements="24" coveredstatements="23" conditionals="0" coveredconditionals="0" methods="5" coveredmethods="4"/>
        <file name="payment.js" path="/Users/pro/Desktop/Work/Sparta_V-2-Frontend/src/store/Payment/payment.js">
          <metrics statements="24" coveredstatements="23" conditionals="0" coveredconditionals="0" methods="5" coveredmethods="4"/>
          <line num="6" count="1" type="stmt"/>
          <line num="8" count="1" type="stmt"/>
          <line num="17" count="1" type="stmt"/>
          <line num="22" count="1" type="stmt"/>
          <line num="23" count="1" type="stmt"/>
          <line num="24" count="1" type="stmt"/>
          <line num="27" count="1" type="stmt"/>
          <line num="28" count="1" type="stmt"/>
          <line num="29" count="1" type="stmt"/>
          <line num="30" count="1" type="stmt"/>
          <line num="33" count="1" type="stmt"/>
          <line num="34" count="1" type="stmt"/>
          <line num="35" count="1" type="stmt"/>
          <line num="44" count="1" type="stmt"/>
          <line num="46" count="5" type="stmt"/>
          <line num="50" count="5" type="stmt"/>
          <line num="52" count="1" type="stmt"/>
          <line num="53" count="4" type="stmt"/>
          <line num="54" count="4" type="stmt"/>
          <line num="57" count="1" type="stmt"/>
          <line num="58" count="1" type="stmt"/>
          <line num="59" count="1" type="stmt"/>
          <line num="62" count="1" type="stmt"/>
          <line num="63" count="0" type="stmt"/>
        </file>
      </package>
      <package name="store.PrintData">
        <metrics statements="10" coveredstatements="10" conditionals="0" coveredconditionals="0" methods="3" coveredmethods="3"/>
        <file name="index.js" path="/Users/pro/Desktop/Work/Sparta_V-2-Frontend/src/store/PrintData/index.js">
          <metrics statements="10" coveredstatements="10" conditionals="0" coveredconditionals="0" methods="3" coveredmethods="3"/>
          <line num="3" count="1" type="stmt"/>
          <line num="5" count="1" type="stmt"/>
          <line num="9" count="1" type="stmt"/>
          <line num="14" count="1" type="stmt"/>
          <line num="23" count="1" type="stmt"/>
          <line num="25" count="1" type="stmt"/>
          <line num="29" count="1" type="stmt"/>
          <line num="31" count="1" type="stmt"/>
          <line num="32" count="1" type="stmt"/>
          <line num="33" count="1" type="stmt"/>
        </file>
      </package>
      <package name="store.Tax">
        <metrics statements="56" coveredstatements="53" conditionals="2" coveredconditionals="1" methods="10" coveredmethods="7"/>
        <file name="tax.js" path="/Users/pro/Desktop/Work/Sparta_V-2-Frontend/src/store/Tax/tax.js">
          <metrics statements="56" coveredstatements="53" conditionals="2" coveredconditionals="1" methods="10" coveredmethods="7"/>
          <line num="6" count="3" type="stmt"/>
          <line num="7" count="3" type="stmt"/>
          <line num="26" count="3" type="stmt"/>
          <line num="31" count="1" type="stmt"/>
          <line num="32" count="1" type="stmt"/>
          <line num="33" count="1" type="stmt"/>
          <line num="36" count="2" type="stmt"/>
          <line num="37" count="2" type="stmt"/>
          <line num="38" count="2" type="stmt"/>
          <line num="39" count="2" type="stmt"/>
          <line num="42" count="1" type="stmt"/>
          <line num="43" count="1" type="stmt"/>
          <line num="44" count="1" type="stmt"/>
          <line num="48" count="1" type="stmt"/>
          <line num="49" count="1" type="stmt"/>
          <line num="50" count="1" type="stmt"/>
          <line num="53" count="1" type="stmt"/>
          <line num="54" count="1" type="stmt"/>
          <line num="55" count="1" type="stmt"/>
          <line num="56" count="1" type="stmt"/>
          <line num="59" count="1" type="stmt"/>
          <line num="60" count="1" type="stmt"/>
          <line num="61" count="1" type="stmt"/>
          <line num="65" count="1" type="stmt"/>
          <line num="66" count="1" type="stmt"/>
          <line num="67" count="1" type="stmt"/>
          <line num="70" count="1" type="stmt"/>
          <line num="71" count="1" type="stmt"/>
          <line num="72" count="1" type="stmt"/>
          <line num="73" count="1" type="stmt"/>
          <line num="74" count="1" type="cond" truecount="1" falsecount="1"/>
          <line num="75" count="1" type="stmt"/>
          <line num="79" count="1" type="stmt"/>
          <line num="80" count="1" type="stmt"/>
          <line num="81" count="1" type="stmt"/>
          <line num="92" count="3" type="stmt"/>
          <line num="94" count="15" type="stmt"/>
          <line num="98" count="15" type="stmt"/>
          <line num="100" count="3" type="stmt"/>
          <line num="101" count="4" type="stmt"/>
          <line num="102" count="4" type="stmt"/>
          <line num="105" count="3" type="stmt"/>
          <line num="106" count="4" type="stmt"/>
          <line num="107" count="4" type="stmt"/>
          <line num="110" count="3" type="stmt"/>
          <line num="111" count="4" type="stmt"/>
          <line num="112" count="4" type="stmt"/>
          <line num="115" count="3" type="stmt"/>
          <line num="116" count="3" type="stmt"/>
          <line num="117" count="3" type="stmt"/>
          <line num="120" count="3" type="stmt"/>
          <line num="121" count="0" type="stmt"/>
          <line num="129" count="3" type="stmt"/>
          <line num="130" count="0" type="stmt"/>
          <line num="139" count="3" type="stmt"/>
          <line num="140" count="0" type="stmt"/>
        </file>
      </package>
      <package name="store.TrialBalance">
        <metrics statements="24" coveredstatements="23" conditionals="0" coveredconditionals="0" methods="5" coveredmethods="4"/>
        <file name="trialBalance.js" path="/Users/pro/Desktop/Work/Sparta_V-2-Frontend/src/store/TrialBalance/trialBalance.js">
          <metrics statements="24" coveredstatements="23" conditionals="0" coveredconditionals="0" methods="5" coveredmethods="4"/>
          <line num="6" count="1" type="stmt"/>
          <line num="7" count="1" type="stmt"/>
          <line num="16" count="1" type="stmt"/>
          <line num="21" count="1" type="stmt"/>
          <line num="22" count="1" type="stmt"/>
          <line num="23" count="1" type="stmt"/>
          <line num="27" count="1" type="stmt"/>
          <line num="28" count="1" type="stmt"/>
          <line num="29" count="1" type="stmt"/>
          <line num="30" count="1" type="stmt"/>
          <line num="34" count="1" type="stmt"/>
          <line num="35" count="1" type="stmt"/>
          <line num="36" count="1" type="stmt"/>
          <line num="44" count="1" type="stmt"/>
          <line num="46" count="4" type="stmt"/>
          <line num="50" count="4" type="stmt"/>
          <line num="52" count="1" type="stmt"/>
          <line num="53" count="3" type="stmt"/>
          <line num="54" count="3" type="stmt"/>
          <line num="57" count="1" type="stmt"/>
          <line num="58" count="1" type="stmt"/>
          <line num="59" count="1" type="stmt"/>
          <line num="62" count="1" type="stmt"/>
          <line num="63" count="0" type="stmt"/>
        </file>
      </package>
      <package name="store.interfaces">
        <metrics statements="15" coveredstatements="14" conditionals="6" coveredconditionals="5" methods="3" coveredmethods="3"/>
        <file name="checkInterface.js" path="/Users/pro/Desktop/Work/Sparta_V-2-Frontend/src/store/interfaces/checkInterface.js">
          <metrics statements="15" coveredstatements="14" conditionals="6" coveredconditionals="5" methods="3" coveredmethods="3"/>
          <line num="1" count="2" type="stmt"/>
          <line num="2" count="3" type="stmt"/>
          <line num="3" count="3" type="stmt"/>
          <line num="4" count="12" type="stmt"/>
          <line num="7" count="3" type="stmt"/>
          <line num="8" count="3" type="stmt"/>
          <line num="9" count="12" type="cond" truecount="2" falsecount="0"/>
          <line num="10" count="5" type="stmt"/>
          <line num="13" count="12" type="cond" truecount="2" falsecount="0"/>
          <line num="14" count="5" type="stmt"/>
          <line num="18" count="3" type="stmt"/>
          <line num="21" count="2" type="stmt"/>
          <line num="22" count="1" type="cond" truecount="1" falsecount="1"/>
          <line num="23" count="0" type="stmt"/>
          <line num="27" count="1" type="stmt"/>
        </file>
      </package>
      <package name="store.interfaces.Partner">
        <metrics statements="1" coveredstatements="1" conditionals="0" coveredconditionals="0" methods="0" coveredmethods="0"/>
        <file name="index.js" path="/Users/pro/Desktop/Work/Sparta_V-2-Frontend/src/store/interfaces/Partner/index.js">
          <metrics statements="1" coveredstatements="1" conditionals="0" coveredconditionals="0" methods="0" coveredmethods="0"/>
          <line num="1" count="2" type="stmt"/>
        </file>
      </package>
      <package name="store.partner">
        <metrics statements="2" coveredstatements="2" conditionals="0" coveredconditionals="0" methods="1" coveredmethods="1"/>
        <file name="addPartner.js" path="/Users/pro/Desktop/Work/Sparta_V-2-Frontend/src/store/partner/addPartner.js">
          <metrics statements="2" coveredstatements="2" conditionals="0" coveredconditionals="0" methods="1" coveredmethods="1"/>
          <line num="3" count="1" type="stmt"/>
          <line num="4" count="1" type="stmt"/>
        </file>
      </package>
    </metrics>
  </project>
</coverage>
