{"/Users/pro/Desktop/Work/Sparta_V-2-Frontend/src/config/customStatus.js": {"path":"/Users/pro/Desktop/Work/Sparta_V-2-Frontend/src/config/customStatus.js","statementMap":{},"fnMap":{},"branchMap":{},"s":{},"f":{},"b":{},"_coverageSchema":"332fd63041d2c1bcb487cc26dd0d5f7d97098a6c","hash":"742a7e908e36f22707f7c7f2968b8643bd243eb5"}
,"/Users/pro/Desktop/Work/Sparta_V-2-Frontend/src/config/endPoints.js": {"path":"/Users/pro/Desktop/Work/Sparta_V-2-Frontend/src/config/endPoints.js","statementMap":{},"fnMap":{},"branchMap":{},"s":{},"f":{},"b":{},"_coverageSchema":"332fd63041d2c1bcb487cc26dd0d5f7d97098a6c","hash":"c236a768456f0a28e3b40792ad35fee6f7cf915f"}
,"/Users/pro/Desktop/Work/Sparta_V-2-Frontend/src/config/filterTypes.js": {"path":"/Users/pro/Desktop/Work/Sparta_V-2-Frontend/src/config/filterTypes.js","statementMap":{"0":{"start":{"line":1,"column":27},"end":{"line":6,"column":1}}},"fnMap":{},"branchMap":{},"s":{"0":1},"f":{},"b":{},"_coverageSchema":"332fd63041d2c1bcb487cc26dd0d5f7d97098a6c","hash":"391d2ef01c2688c4d433c9de29ff8867848d83c2"}
,"/Users/pro/Desktop/Work/Sparta_V-2-Frontend/src/store/api.js": {"path":"/Users/pro/Desktop/Work/Sparta_V-2-Frontend/src/store/api.js","statementMap":{"0":{"start":{"line":3,"column":28},"end":{"line":3,"column":57}},"1":{"start":{"line":4,"column":30},"end":{"line":4,"column":61}},"2":{"start":{"line":5,"column":29},"end":{"line":5,"column":59}}},"fnMap":{},"branchMap":{},"s":{"0":16,"1":16,"2":16},"f":{},"b":{},"_coverageSchema":"332fd63041d2c1bcb487cc26dd0d5f7d97098a6c","hash":"c9ad49a81b60bdee0a8ca409899a7cc36fcad4c4"}
,"/Users/pro/Desktop/Work/Sparta_V-2-Frontend/src/store/ChartsOfAccounts/account.js": {"path":"/Users/pro/Desktop/Work/Sparta_V-2-Frontend/src/store/ChartsOfAccounts/account.js","statementMap":{"0":{"start":{"line":6,"column":28},"end":{"line":26,"column":1}},"1":{"start":{"line":28,"column":20},"end":{"line":28,"column":38}},"2":{"start":{"line":30,"column":21},"end":{"line":115,"column":2}},"3":{"start":{"line":35,"column":12},"end":{"line":35,"column":32}},"4":{"start":{"line":36,"column":12},"end":{"line":36,"column":47}},"5":{"start":{"line":37,"column":12},"end":{"line":37,"column":31}},"6":{"start":{"line":41,"column":12},"end":{"line":41,"column":33}},"7":{"start":{"line":42,"column":12},"end":{"line":42,"column":47}},"8":{"start":{"line":43,"column":12},"end":{"line":43,"column":31}},"9":{"start":{"line":44,"column":12},"end":{"line":44,"column":43}},"10":{"start":{"line":48,"column":12},"end":{"line":48,"column":33}},"11":{"start":{"line":49,"column":12},"end":{"line":49,"column":46}},"12":{"start":{"line":50,"column":12},"end":{"line":50,"column":41}},"13":{"start":{"line":54,"column":12},"end":{"line":54,"column":42}},"14":{"start":{"line":55,"column":12},"end":{"line":55,"column":57}},"15":{"start":{"line":56,"column":12},"end":{"line":56,"column":41}},"16":{"start":{"line":60,"column":12},"end":{"line":60,"column":43}},"17":{"start":{"line":61,"column":12},"end":{"line":61,"column":57}},"18":{"start":{"line":62,"column":12},"end":{"line":62,"column":41}},"19":{"start":{"line":63,"column":12},"end":{"line":63,"column":47}},"20":{"start":{"line":67,"column":12},"end":{"line":67,"column":43}},"21":{"start":{"line":68,"column":12},"end":{"line":68,"column":56}},"22":{"start":{"line":69,"column":12},"end":{"line":69,"column":51}},"23":{"start":{"line":73,"column":12},"end":{"line":73,"column":43}},"24":{"start":{"line":74,"column":12},"end":{"line":74,"column":58}},"25":{"start":{"line":75,"column":12},"end":{"line":75,"column":42}},"26":{"start":{"line":79,"column":12},"end":{"line":79,"column":44}},"27":{"start":{"line":80,"column":12},"end":{"line":80,"column":58}},"28":{"start":{"line":81,"column":12},"end":{"line":81,"column":42}},"29":{"start":{"line":82,"column":26},"end":{"line":82,"column":95}},"30":{"start":{"line":82,"column":62},"end":{"line":82,"column":94}},"31":{"start":{"line":83,"column":12},"end":{"line":85,"column":13}},"32":{"start":{"line":84,"column":16},"end":{"line":84,"column":54}},"33":{"start":{"line":89,"column":12},"end":{"line":89,"column":44}},"34":{"start":{"line":90,"column":12},"end":{"line":90,"column":57}},"35":{"start":{"line":91,"column":12},"end":{"line":91,"column":52}},"36":{"start":{"line":95,"column":12},"end":{"line":95,"column":45}},"37":{"start":{"line":96,"column":12},"end":{"line":96,"column":60}},"38":{"start":{"line":97,"column":12},"end":{"line":97,"column":44}},"39":{"start":{"line":101,"column":12},"end":{"line":101,"column":46}},"40":{"start":{"line":102,"column":12},"end":{"line":102,"column":60}},"41":{"start":{"line":103,"column":12},"end":{"line":103,"column":44}},"42":{"start":{"line":104,"column":26},"end":{"line":104,"column":95}},"43":{"start":{"line":104,"column":62},"end":{"line":104,"column":94}},"44":{"start":{"line":105,"column":12},"end":{"line":107,"column":13}},"45":{"start":{"line":106,"column":16},"end":{"line":106,"column":47}},"46":{"start":{"line":110,"column":12},"end":{"line":110,"column":46}},"47":{"start":{"line":111,"column":12},"end":{"line":111,"column":59}},"48":{"start":{"line":112,"column":12},"end":{"line":112,"column":54}},"49":{"start":{"line":117,"column":28},"end":{"line":119,"column":2}},"50":{"start":{"line":117,"column":38},"end":{"line":119,"column":1}},"51":{"start":{"line":121,"column":30},"end":{"line":121,"column":59}},"52":{"start":{"line":121,"column":39},"end":{"line":121,"column":59}},"53":{"start":{"line":128,"column":4},"end":{"line":128,"column":24}},"54":{"start":{"line":130,"column":28},"end":{"line":135,"column":1}},"55":{"start":{"line":131,"column":40},"end":{"line":131,"column":61}},"56":{"start":{"line":132,"column":4},"end":{"line":134,"column":5}},"57":{"start":{"line":137,"column":32},"end":{"line":140,"column":1}},"58":{"start":{"line":138,"column":27},"end":{"line":138,"column":48}},"59":{"start":{"line":139,"column":4},"end":{"line":139,"column":21}},"60":{"start":{"line":142,"column":34},"end":{"line":145,"column":1}},"61":{"start":{"line":143,"column":29},"end":{"line":143,"column":50}},"62":{"start":{"line":144,"column":4},"end":{"line":144,"column":23}},"63":{"start":{"line":147,"column":31},"end":{"line":150,"column":1}},"64":{"start":{"line":148,"column":26},"end":{"line":148,"column":47}},"65":{"start":{"line":149,"column":4},"end":{"line":149,"column":20}},"66":{"start":{"line":152,"column":30},"end":{"line":155,"column":1}},"67":{"start":{"line":153,"column":25},"end":{"line":153,"column":46}},"68":{"start":{"line":154,"column":4},"end":{"line":154,"column":19}},"69":{"start":{"line":157,"column":29},"end":{"line":164,"column":6}},"70":{"start":{"line":158,"column":4},"end":{"line":164,"column":6}},"71":{"start":{"line":166,"column":26},"end":{"line":174,"column":6}},"72":{"start":{"line":167,"column":4},"end":{"line":174,"column":6}},"73":{"start":{"line":176,"column":27},"end":{"line":184,"column":6}},"74":{"start":{"line":177,"column":4},"end":{"line":184,"column":6}},"75":{"start":{"line":186,"column":29},"end":{"line":193,"column":6}},"76":{"start":{"line":187,"column":4},"end":{"line":193,"column":6}}},"fnMap":{"0":{"name":"(anonymous_0)","decl":{"start":{"line":82,"column":51},"end":{"line":82,"column":52}},"loc":{"start":{"line":82,"column":62},"end":{"line":82,"column":94}},"line":82},"1":{"name":"(anonymous_1)","decl":{"start":{"line":104,"column":51},"end":{"line":104,"column":52}},"loc":{"start":{"line":104,"column":62},"end":{"line":104,"column":94}},"line":104},"2":{"name":"(anonymous_2)","decl":{"start":{"line":117,"column":28},"end":{"line":117,"column":29}},"loc":{"start":{"line":117,"column":38},"end":{"line":119,"column":1}},"line":117},"3":{"name":"(anonymous_3)","decl":{"start":{"line":121,"column":30},"end":{"line":121,"column":31}},"loc":{"start":{"line":121,"column":39},"end":{"line":121,"column":59}},"line":121},"4":{"name":"(anonymous_4)","decl":{"start":{"line":130,"column":28},"end":{"line":130,"column":29}},"loc":{"start":{"line":130,"column":37},"end":{"line":135,"column":1}},"line":130},"5":{"name":"(anonymous_5)","decl":{"start":{"line":137,"column":32},"end":{"line":137,"column":33}},"loc":{"start":{"line":137,"column":41},"end":{"line":140,"column":1}},"line":137},"6":{"name":"(anonymous_6)","decl":{"start":{"line":142,"column":34},"end":{"line":142,"column":35}},"loc":{"start":{"line":142,"column":43},"end":{"line":145,"column":1}},"line":142},"7":{"name":"(anonymous_7)","decl":{"start":{"line":147,"column":31},"end":{"line":147,"column":32}},"loc":{"start":{"line":147,"column":40},"end":{"line":150,"column":1}},"line":147},"8":{"name":"(anonymous_8)","decl":{"start":{"line":152,"column":30},"end":{"line":152,"column":31}},"loc":{"start":{"line":152,"column":39},"end":{"line":155,"column":1}},"line":152},"9":{"name":"(anonymous_9)","decl":{"start":{"line":157,"column":29},"end":{"line":157,"column":30}},"loc":{"start":{"line":158,"column":4},"end":{"line":164,"column":6}},"line":158},"10":{"name":"(anonymous_10)","decl":{"start":{"line":166,"column":26},"end":{"line":166,"column":27}},"loc":{"start":{"line":167,"column":4},"end":{"line":174,"column":6}},"line":167},"11":{"name":"(anonymous_11)","decl":{"start":{"line":176,"column":27},"end":{"line":176,"column":28}},"loc":{"start":{"line":177,"column":4},"end":{"line":184,"column":6}},"line":177},"12":{"name":"(anonymous_12)","decl":{"start":{"line":186,"column":29},"end":{"line":186,"column":30}},"loc":{"start":{"line":187,"column":4},"end":{"line":193,"column":6}},"line":187}},"branchMap":{"0":{"loc":{"start":{"line":83,"column":12},"end":{"line":85,"column":13}},"type":"if","locations":[{"start":{"line":83,"column":12},"end":{"line":85,"column":13}},{"start":{"line":83,"column":12},"end":{"line":85,"column":13}}],"line":83},"1":{"loc":{"start":{"line":105,"column":12},"end":{"line":107,"column":13}},"type":"if","locations":[{"start":{"line":105,"column":12},"end":{"line":107,"column":13}},{"start":{"line":105,"column":12},"end":{"line":107,"column":13}}],"line":105}},"s":{"0":4,"1":4,"2":4,"3":1,"4":1,"5":1,"6":3,"7":3,"8":3,"9":3,"10":1,"11":1,"12":1,"13":1,"14":1,"15":1,"16":1,"17":1,"18":1,"19":1,"20":1,"21":1,"22":1,"23":1,"24":1,"25":1,"26":1,"27":1,"28":1,"29":1,"30":1,"31":1,"32":1,"33":1,"34":1,"35":1,"36":1,"37":1,"38":1,"39":1,"40":1,"41":1,"42":1,"43":1,"44":1,"45":1,"46":1,"47":1,"48":1,"49":4,"50":16,"51":4,"52":16,"53":4,"54":4,"55":3,"56":3,"57":4,"58":3,"59":3,"60":4,"61":3,"62":3,"63":4,"64":3,"65":3,"66":4,"67":4,"68":4,"69":4,"70":0,"71":4,"72":0,"73":4,"74":0,"75":4,"76":0},"f":{"0":1,"1":1,"2":16,"3":16,"4":3,"5":3,"6":3,"7":3,"8":4,"9":0,"10":0,"11":0,"12":0},"b":{"0":[1,0],"1":[1,0]},"_coverageSchema":"332fd63041d2c1bcb487cc26dd0d5f7d97098a6c","hash":"4e297c84f6e0d7c4453ccc08f6af5516ed49f503"}
,"/Users/pro/Desktop/Work/Sparta_V-2-Frontend/src/store/FilterData/index.js": {"path":"/Users/pro/Desktop/Work/Sparta_V-2-Frontend/src/store/FilterData/index.js","statementMap":{"0":{"start":{"line":4,"column":25},"end":{"line":4,"column":40}},"1":{"start":{"line":5,"column":28},"end":{"line":8,"column":1}},"2":{"start":{"line":10,"column":29},"end":{"line":70,"column":1}},"3":{"start":{"line":11,"column":19},"end":{"line":11,"column":21}},"4":{"start":{"line":12,"column":4},"end":{"line":68,"column":6}},"5":{"start":{"line":13,"column":8},"end":{"line":67,"column":9}},"6":{"start":{"line":14,"column":24},"end":{"line":14,"column":37}},"7":{"start":{"line":15,"column":12},"end":{"line":66,"column":13}},"8":{"start":{"line":17,"column":20},"end":{"line":19,"column":21}},"9":{"start":{"line":18,"column":24},"end":{"line":18,"column":43}},"10":{"start":{"line":20,"column":20},"end":{"line":20,"column":25}},"11":{"start":{"line":24,"column":39},"end":{"line":24,"column":54}},"12":{"start":{"line":25,"column":20},"end":{"line":27,"column":21}},"13":{"start":{"line":26,"column":24},"end":{"line":26,"column":43}},"14":{"start":{"line":28,"column":20},"end":{"line":28,"column":25}},"15":{"start":{"line":32,"column":39},"end":{"line":32,"column":60}},"16":{"start":{"line":33,"column":39},"end":{"line":33,"column":64}},"17":{"start":{"line":34,"column":20},"end":{"line":44,"column":21}},"18":{"start":{"line":35,"column":24},"end":{"line":35,"column":43}},"19":{"start":{"line":36,"column":27},"end":{"line":44,"column":21}},"20":{"start":{"line":37,"column":24},"end":{"line":43,"column":25}},"21":{"start":{"line":38,"column":28},"end":{"line":38,"column":47}},"22":{"start":{"line":39,"column":31},"end":{"line":43,"column":25}},"23":{"start":{"line":40,"column":28},"end":{"line":42,"column":29}},"24":{"start":{"line":41,"column":32},"end":{"line":41,"column":51}},"25":{"start":{"line":45,"column":20},"end":{"line":45,"column":25}},"26":{"start":{"line":49,"column":39},"end":{"line":49,"column":60}},"27":{"start":{"line":50,"column":39},"end":{"line":50,"column":64}},"28":{"start":{"line":51,"column":20},"end":{"line":61,"column":21}},"29":{"start":{"line":52,"column":24},"end":{"line":52,"column":43}},"30":{"start":{"line":53,"column":27},"end":{"line":61,"column":21}},"31":{"start":{"line":54,"column":24},"end":{"line":60,"column":25}},"32":{"start":{"line":55,"column":28},"end":{"line":55,"column":47}},"33":{"start":{"line":56,"column":31},"end":{"line":60,"column":25}},"34":{"start":{"line":57,"column":28},"end":{"line":59,"column":29}},"35":{"start":{"line":58,"column":32},"end":{"line":58,"column":51}},"36":{"start":{"line":62,"column":20},"end":{"line":62,"column":25}},"37":{"start":{"line":65,"column":25},"end":{"line":65,"column":40}},"38":{"start":{"line":69,"column":4},"end":{"line":69,"column":19}},"39":{"start":{"line":73,"column":20},"end":{"line":96,"column":2}},"40":{"start":{"line":78,"column":52},"end":{"line":78,"column":66}},"41":{"start":{"line":79,"column":12},"end":{"line":84,"column":13}},"42":{"start":{"line":87,"column":27},"end":{"line":87,"column":41}},"43":{"start":{"line":88,"column":12},"end":{"line":92,"column":13}},"44":{"start":{"line":89,"column":16},"end":{"line":91,"column":18}},"45":{"start":{"line":93,"column":12},"end":{"line":93,"column":41}},"46":{"start":{"line":100,"column":4},"end":{"line":100,"column":23}},"47":{"start":{"line":104,"column":28},"end":{"line":106,"column":2}},"48":{"start":{"line":104,"column":38},"end":{"line":106,"column":1}},"49":{"start":{"line":108,"column":30},"end":{"line":108,"column":64}},"50":{"start":{"line":108,"column":39},"end":{"line":108,"column":64}},"51":{"start":{"line":110,"column":28},"end":{"line":113,"column":1}},"52":{"start":{"line":111,"column":24},"end":{"line":111,"column":45}},"53":{"start":{"line":112,"column":4},"end":{"line":112,"column":22}},"54":{"start":{"line":115,"column":29},"end":{"line":118,"column":1}},"55":{"start":{"line":116,"column":24},"end":{"line":116,"column":45}},"56":{"start":{"line":117,"column":4},"end":{"line":117,"column":18}},"57":{"start":{"line":120,"column":34},"end":{"line":125,"column":1}},"58":{"start":{"line":123,"column":8},"end":{"line":123,"column":29}},"59":{"start":{"line":124,"column":4},"end":{"line":124,"column":23}}},"fnMap":{"0":{"name":"(anonymous_0)","decl":{"start":{"line":10,"column":29},"end":{"line":10,"column":30}},"loc":{"start":{"line":10,"column":48},"end":{"line":70,"column":1}},"line":10},"1":{"name":"(anonymous_1)","decl":{"start":{"line":12,"column":17},"end":{"line":12,"column":18}},"loc":{"start":{"line":12,"column":25},"end":{"line":68,"column":5}},"line":12},"2":{"name":"(anonymous_2)","decl":{"start":{"line":104,"column":28},"end":{"line":104,"column":29}},"loc":{"start":{"line":104,"column":38},"end":{"line":106,"column":1}},"line":104},"3":{"name":"(anonymous_3)","decl":{"start":{"line":108,"column":30},"end":{"line":108,"column":31}},"loc":{"start":{"line":108,"column":39},"end":{"line":108,"column":64}},"line":108},"4":{"name":"(anonymous_4)","decl":{"start":{"line":110,"column":28},"end":{"line":110,"column":29}},"loc":{"start":{"line":110,"column":43},"end":{"line":113,"column":1}},"line":110},"5":{"name":"(anonymous_5)","decl":{"start":{"line":115,"column":29},"end":{"line":115,"column":30}},"loc":{"start":{"line":115,"column":38},"end":{"line":118,"column":1}},"line":115},"6":{"name":"(anonymous_6)","decl":{"start":{"line":120,"column":34},"end":{"line":120,"column":35}},"loc":{"start":{"line":120,"column":43},"end":{"line":125,"column":1}},"line":120}},"branchMap":{"0":{"loc":{"start":{"line":15,"column":12},"end":{"line":66,"column":13}},"type":"switch","locations":[{"start":{"line":16,"column":16},"end":{"line":21,"column":17}},{"start":{"line":23,"column":16},"end":{"line":29,"column":17}},{"start":{"line":31,"column":16},"end":{"line":46,"column":17}},{"start":{"line":48,"column":16},"end":{"line":63,"column":17}},{"start":{"line":65,"column":16},"end":{"line":65,"column":40}}],"line":15},"1":{"loc":{"start":{"line":17,"column":20},"end":{"line":19,"column":21}},"type":"if","locations":[{"start":{"line":17,"column":20},"end":{"line":19,"column":21}},{"start":{"line":17,"column":20},"end":{"line":19,"column":21}}],"line":17},"2":{"loc":{"start":{"line":25,"column":20},"end":{"line":27,"column":21}},"type":"if","locations":[{"start":{"line":25,"column":20},"end":{"line":27,"column":21}},{"start":{"line":25,"column":20},"end":{"line":27,"column":21}}],"line":25},"3":{"loc":{"start":{"line":34,"column":20},"end":{"line":44,"column":21}},"type":"if","locations":[{"start":{"line":34,"column":20},"end":{"line":44,"column":21}},{"start":{"line":34,"column":20},"end":{"line":44,"column":21}}],"line":34},"4":{"loc":{"start":{"line":36,"column":27},"end":{"line":44,"column":21}},"type":"if","locations":[{"start":{"line":36,"column":27},"end":{"line":44,"column":21}},{"start":{"line":36,"column":27},"end":{"line":44,"column":21}}],"line":36},"5":{"loc":{"start":{"line":37,"column":24},"end":{"line":43,"column":25}},"type":"if","locations":[{"start":{"line":37,"column":24},"end":{"line":43,"column":25}},{"start":{"line":37,"column":24},"end":{"line":43,"column":25}}],"line":37},"6":{"loc":{"start":{"line":39,"column":31},"end":{"line":43,"column":25}},"type":"if","locations":[{"start":{"line":39,"column":31},"end":{"line":43,"column":25}},{"start":{"line":39,"column":31},"end":{"line":43,"column":25}}],"line":39},"7":{"loc":{"start":{"line":40,"column":28},"end":{"line":42,"column":29}},"type":"if","locations":[{"start":{"line":40,"column":28},"end":{"line":42,"column":29}},{"start":{"line":40,"column":28},"end":{"line":42,"column":29}}],"line":40},"8":{"loc":{"start":{"line":51,"column":20},"end":{"line":61,"column":21}},"type":"if","locations":[{"start":{"line":51,"column":20},"end":{"line":61,"column":21}},{"start":{"line":51,"column":20},"end":{"line":61,"column":21}}],"line":51},"9":{"loc":{"start":{"line":53,"column":27},"end":{"line":61,"column":21}},"type":"if","locations":[{"start":{"line":53,"column":27},"end":{"line":61,"column":21}},{"start":{"line":53,"column":27},"end":{"line":61,"column":21}}],"line":53},"10":{"loc":{"start":{"line":54,"column":24},"end":{"line":60,"column":25}},"type":"if","locations":[{"start":{"line":54,"column":24},"end":{"line":60,"column":25}},{"start":{"line":54,"column":24},"end":{"line":60,"column":25}}],"line":54},"11":{"loc":{"start":{"line":56,"column":31},"end":{"line":60,"column":25}},"type":"if","locations":[{"start":{"line":56,"column":31},"end":{"line":60,"column":25}},{"start":{"line":56,"column":31},"end":{"line":60,"column":25}}],"line":56},"12":{"loc":{"start":{"line":57,"column":28},"end":{"line":59,"column":29}},"type":"if","locations":[{"start":{"line":57,"column":28},"end":{"line":59,"column":29}},{"start":{"line":57,"column":28},"end":{"line":59,"column":29}}],"line":57}},"s":{"0":1,"1":1,"2":1,"3":7,"4":7,"5":21,"6":21,"7":21,"8":11,"9":6,"10":11,"11":3,"12":3,"13":1,"14":3,"15":4,"16":4,"17":4,"18":2,"19":2,"20":1,"21":1,"22":0,"23":0,"24":0,"25":4,"26":3,"27":3,"28":3,"29":1,"30":2,"31":2,"32":0,"33":2,"34":0,"35":0,"36":3,"37":0,"38":7,"39":1,"40":7,"41":7,"42":4,"43":4,"44":5,"45":4,"46":1,"47":1,"48":5,"49":1,"50":5,"51":1,"52":0,"53":0,"54":1,"55":1,"56":1,"57":1,"58":4,"59":4},"f":{"0":7,"1":21,"2":5,"3":5,"4":0,"5":1,"6":4},"b":{"0":[11,3,4,3,0],"1":[6,5],"2":[1,2],"3":[2,2],"4":[1,1],"5":[1,0],"6":[0,0],"7":[0,0],"8":[1,2],"9":[2,0],"10":[0,2],"11":[0,2],"12":[0,0]},"_coverageSchema":"332fd63041d2c1bcb487cc26dd0d5f7d97098a6c","hash":"674024351eb34bfaec47eaa2ab542c94f3f9d105"}
,"/Users/pro/Desktop/Work/Sparta_V-2-Frontend/src/store/FiscalYear/fiscalYear.js": {"path":"/Users/pro/Desktop/Work/Sparta_V-2-Frontend/src/store/FiscalYear/fiscalYear.js","statementMap":{"0":{"start":{"line":6,"column":28},"end":{"line":11,"column":1}},"1":{"start":{"line":13,"column":20},"end":{"line":13,"column":33}},"2":{"start":{"line":15,"column":24},"end":{"line":38,"column":2}},"3":{"start":{"line":20,"column":12},"end":{"line":20,"column":32}},"4":{"start":{"line":21,"column":12},"end":{"line":21,"column":47}},"5":{"start":{"line":22,"column":12},"end":{"line":22,"column":31}},"6":{"start":{"line":26,"column":12},"end":{"line":26,"column":33}},"7":{"start":{"line":27,"column":12},"end":{"line":27,"column":47}},"8":{"start":{"line":28,"column":12},"end":{"line":28,"column":31}},"9":{"start":{"line":29,"column":12},"end":{"line":29,"column":45}},"10":{"start":{"line":33,"column":12},"end":{"line":33,"column":33}},"11":{"start":{"line":34,"column":12},"end":{"line":34,"column":46}},"12":{"start":{"line":35,"column":12},"end":{"line":35,"column":41}},"13":{"start":{"line":42,"column":4},"end":{"line":42,"column":27}},"14":{"start":{"line":44,"column":28},"end":{"line":44,"column":70}},"15":{"start":{"line":44,"column":38},"end":{"line":44,"column":69}},"16":{"start":{"line":45,"column":30},"end":{"line":45,"column":59}},"17":{"start":{"line":45,"column":39},"end":{"line":45,"column":59}},"18":{"start":{"line":47,"column":28},"end":{"line":50,"column":1}},"19":{"start":{"line":48,"column":40},"end":{"line":48,"column":61}},"20":{"start":{"line":49,"column":4},"end":{"line":49,"column":38}},"21":{"start":{"line":51,"column":32},"end":{"line":54,"column":1}},"22":{"start":{"line":52,"column":27},"end":{"line":52,"column":48}},"23":{"start":{"line":53,"column":4},"end":{"line":53,"column":21}},"24":{"start":{"line":58,"column":29},"end":{"line":66,"column":6}},"25":{"start":{"line":59,"column":4},"end":{"line":66,"column":6}}},"fnMap":{"0":{"name":"(anonymous_0)","decl":{"start":{"line":44,"column":28},"end":{"line":44,"column":29}},"loc":{"start":{"line":44,"column":38},"end":{"line":44,"column":69}},"line":44},"1":{"name":"(anonymous_1)","decl":{"start":{"line":45,"column":30},"end":{"line":45,"column":31}},"loc":{"start":{"line":45,"column":39},"end":{"line":45,"column":59}},"line":45},"2":{"name":"(anonymous_2)","decl":{"start":{"line":47,"column":28},"end":{"line":47,"column":29}},"loc":{"start":{"line":47,"column":37},"end":{"line":50,"column":1}},"line":47},"3":{"name":"(anonymous_3)","decl":{"start":{"line":51,"column":32},"end":{"line":51,"column":33}},"loc":{"start":{"line":51,"column":41},"end":{"line":54,"column":1}},"line":51},"4":{"name":"(anonymous_4)","decl":{"start":{"line":58,"column":29},"end":{"line":58,"column":30}},"loc":{"start":{"line":59,"column":4},"end":{"line":66,"column":6}},"line":59}},"branchMap":{},"s":{"0":1,"1":1,"2":1,"3":1,"4":1,"5":1,"6":1,"7":1,"8":1,"9":1,"10":1,"11":1,"12":1,"13":1,"14":1,"15":3,"16":1,"17":4,"18":1,"19":3,"20":3,"21":1,"22":1,"23":1,"24":1,"25":0},"f":{"0":3,"1":4,"2":3,"3":1,"4":0},"b":{},"_coverageSchema":"332fd63041d2c1bcb487cc26dd0d5f7d97098a6c","hash":"e6571099ff91b09f9eaefbba3a5795b8a65931a8"}
,"/Users/pro/Desktop/Work/Sparta_V-2-Frontend/src/store/FiscalYear/period.js": {"path":"/Users/pro/Desktop/Work/Sparta_V-2-Frontend/src/store/FiscalYear/period.js","statementMap":{"0":{"start":{"line":6,"column":28},"end":{"line":12,"column":1}},"1":{"start":{"line":14,"column":27},"end":{"line":53,"column":2}},"2":{"start":{"line":19,"column":12},"end":{"line":19,"column":32}},"3":{"start":{"line":20,"column":12},"end":{"line":20,"column":41}},"4":{"start":{"line":21,"column":12},"end":{"line":21,"column":31}},"5":{"start":{"line":24,"column":12},"end":{"line":24,"column":33}},"6":{"start":{"line":25,"column":12},"end":{"line":25,"column":41}},"7":{"start":{"line":26,"column":12},"end":{"line":26,"column":42}},"8":{"start":{"line":29,"column":12},"end":{"line":29,"column":33}},"9":{"start":{"line":30,"column":12},"end":{"line":30,"column":40}},"10":{"start":{"line":31,"column":12},"end":{"line":31,"column":41}},"11":{"start":{"line":34,"column":12},"end":{"line":34,"column":32}},"12":{"start":{"line":35,"column":12},"end":{"line":35,"column":41}},"13":{"start":{"line":36,"column":12},"end":{"line":36,"column":31}},"14":{"start":{"line":39,"column":12},"end":{"line":39,"column":33}},"15":{"start":{"line":40,"column":12},"end":{"line":40,"column":41}},"16":{"start":{"line":41,"column":12},"end":{"line":41,"column":31}},"17":{"start":{"line":42,"column":26},"end":{"line":42,"column":92}},"18":{"start":{"line":42,"column":60},"end":{"line":42,"column":91}},"19":{"start":{"line":43,"column":12},"end":{"line":45,"column":13}},"20":{"start":{"line":44,"column":16},"end":{"line":44,"column":53}},"21":{"start":{"line":48,"column":12},"end":{"line":48,"column":33}},"22":{"start":{"line":49,"column":12},"end":{"line":49,"column":40}},"23":{"start":{"line":50,"column":12},"end":{"line":50,"column":41}},"24":{"start":{"line":59,"column":4},"end":{"line":59,"column":23}},"25":{"start":{"line":62,"column":29},"end":{"line":62,"column":68}},"26":{"start":{"line":62,"column":38},"end":{"line":62,"column":68}},"27":{"start":{"line":63,"column":28},"end":{"line":68,"column":1}},"28":{"start":{"line":64,"column":40},"end":{"line":64,"column":62}},"29":{"start":{"line":65,"column":4},"end":{"line":67,"column":5}},"30":{"start":{"line":70,"column":28},"end":{"line":70,"column":71}},"31":{"start":{"line":70,"column":38},"end":{"line":70,"column":70}},"32":{"start":{"line":72,"column":28},"end":{"line":79,"column":6}},"33":{"start":{"line":73,"column":4},"end":{"line":79,"column":6}},"34":{"start":{"line":81,"column":26},"end":{"line":89,"column":6}},"35":{"start":{"line":82,"column":4},"end":{"line":89,"column":6}}},"fnMap":{"0":{"name":"(anonymous_0)","decl":{"start":{"line":42,"column":50},"end":{"line":42,"column":51}},"loc":{"start":{"line":42,"column":60},"end":{"line":42,"column":91}},"line":42},"1":{"name":"(anonymous_1)","decl":{"start":{"line":62,"column":29},"end":{"line":62,"column":30}},"loc":{"start":{"line":62,"column":38},"end":{"line":62,"column":68}},"line":62},"2":{"name":"(anonymous_2)","decl":{"start":{"line":63,"column":28},"end":{"line":63,"column":29}},"loc":{"start":{"line":63,"column":37},"end":{"line":68,"column":1}},"line":63},"3":{"name":"(anonymous_3)","decl":{"start":{"line":70,"column":28},"end":{"line":70,"column":29}},"loc":{"start":{"line":70,"column":38},"end":{"line":70,"column":70}},"line":70},"4":{"name":"(anonymous_4)","decl":{"start":{"line":72,"column":28},"end":{"line":72,"column":29}},"loc":{"start":{"line":73,"column":4},"end":{"line":79,"column":6}},"line":73},"5":{"name":"(anonymous_5)","decl":{"start":{"line":81,"column":26},"end":{"line":81,"column":27}},"loc":{"start":{"line":82,"column":4},"end":{"line":89,"column":6}},"line":82}},"branchMap":{"0":{"loc":{"start":{"line":43,"column":12},"end":{"line":45,"column":13}},"type":"if","locations":[{"start":{"line":43,"column":12},"end":{"line":45,"column":13}},{"start":{"line":43,"column":12},"end":{"line":45,"column":13}}],"line":43}},"s":{"0":1,"1":1,"2":1,"3":1,"4":1,"5":2,"6":2,"7":2,"8":1,"9":1,"10":1,"11":1,"12":1,"13":1,"14":1,"15":1,"16":1,"17":1,"18":1,"19":1,"20":1,"21":1,"22":1,"23":1,"24":1,"25":1,"26":2,"27":1,"28":6,"29":6,"30":1,"31":8,"32":1,"33":0,"34":1,"35":0},"f":{"0":1,"1":2,"2":6,"3":8,"4":0,"5":0},"b":{"0":[1,0]},"_coverageSchema":"332fd63041d2c1bcb487cc26dd0d5f7d97098a6c","hash":"7d84f9645171857b2cf81b7b69d0fadb25861036"}
,"/Users/pro/Desktop/Work/Sparta_V-2-Frontend/src/store/GeneralJournal/generalJournal.js": {"path":"/Users/pro/Desktop/Work/Sparta_V-2-Frontend/src/store/GeneralJournal/generalJournal.js","statementMap":{"0":{"start":{"line":6,"column":28},"end":{"line":28,"column":1}},"1":{"start":{"line":30,"column":20},"end":{"line":30,"column":37}},"2":{"start":{"line":32,"column":21},"end":{"line":110,"column":2}},"3":{"start":{"line":37,"column":12},"end":{"line":37,"column":42}},"4":{"start":{"line":38,"column":12},"end":{"line":38,"column":57}},"5":{"start":{"line":39,"column":12},"end":{"line":39,"column":41}},"6":{"start":{"line":42,"column":12},"end":{"line":42,"column":43}},"7":{"start":{"line":43,"column":12},"end":{"line":43,"column":57}},"8":{"start":{"line":44,"column":12},"end":{"line":44,"column":41}},"9":{"start":{"line":45,"column":12},"end":{"line":45,"column":47}},"10":{"start":{"line":48,"column":12},"end":{"line":48,"column":43}},"11":{"start":{"line":49,"column":12},"end":{"line":49,"column":56}},"12":{"start":{"line":50,"column":12},"end":{"line":50,"column":51}},"13":{"start":{"line":54,"column":12},"end":{"line":54,"column":44}},"14":{"start":{"line":55,"column":12},"end":{"line":55,"column":59}},"15":{"start":{"line":56,"column":12},"end":{"line":56,"column":41}},"16":{"start":{"line":59,"column":12},"end":{"line":59,"column":45}},"17":{"start":{"line":60,"column":12},"end":{"line":60,"column":59}},"18":{"start":{"line":61,"column":12},"end":{"line":61,"column":43}},"19":{"start":{"line":62,"column":12},"end":{"line":62,"column":43}},"20":{"start":{"line":65,"column":12},"end":{"line":65,"column":45}},"21":{"start":{"line":66,"column":12},"end":{"line":66,"column":58}},"22":{"start":{"line":67,"column":12},"end":{"line":67,"column":53}},"23":{"start":{"line":71,"column":12},"end":{"line":71,"column":43}},"24":{"start":{"line":72,"column":12},"end":{"line":72,"column":58}},"25":{"start":{"line":73,"column":12},"end":{"line":73,"column":42}},"26":{"start":{"line":76,"column":12},"end":{"line":76,"column":44}},"27":{"start":{"line":77,"column":12},"end":{"line":77,"column":58}},"28":{"start":{"line":78,"column":12},"end":{"line":78,"column":42}},"29":{"start":{"line":79,"column":26},"end":{"line":79,"column":95}},"30":{"start":{"line":79,"column":62},"end":{"line":79,"column":94}},"31":{"start":{"line":80,"column":12},"end":{"line":82,"column":13}},"32":{"start":{"line":81,"column":16},"end":{"line":81,"column":54}},"33":{"start":{"line":85,"column":12},"end":{"line":85,"column":44}},"34":{"start":{"line":86,"column":12},"end":{"line":86,"column":57}},"35":{"start":{"line":87,"column":12},"end":{"line":87,"column":52}},"36":{"start":{"line":91,"column":12},"end":{"line":91,"column":45}},"37":{"start":{"line":92,"column":12},"end":{"line":92,"column":60}},"38":{"start":{"line":93,"column":12},"end":{"line":93,"column":44}},"39":{"start":{"line":96,"column":12},"end":{"line":96,"column":46}},"40":{"start":{"line":97,"column":12},"end":{"line":97,"column":60}},"41":{"start":{"line":98,"column":12},"end":{"line":98,"column":44}},"42":{"start":{"line":99,"column":26},"end":{"line":99,"column":95}},"43":{"start":{"line":99,"column":62},"end":{"line":99,"column":94}},"44":{"start":{"line":100,"column":12},"end":{"line":102,"column":13}},"45":{"start":{"line":101,"column":16},"end":{"line":101,"column":47}},"46":{"start":{"line":105,"column":12},"end":{"line":105,"column":46}},"47":{"start":{"line":106,"column":12},"end":{"line":106,"column":59}},"48":{"start":{"line":107,"column":12},"end":{"line":107,"column":54}},"49":{"start":{"line":117,"column":4},"end":{"line":117,"column":24}},"50":{"start":{"line":119,"column":28},"end":{"line":121,"column":2}},"51":{"start":{"line":119,"column":38},"end":{"line":121,"column":1}},"52":{"start":{"line":123,"column":30},"end":{"line":123,"column":59}},"53":{"start":{"line":123,"column":39},"end":{"line":123,"column":59}},"54":{"start":{"line":125,"column":31},"end":{"line":128,"column":1}},"55":{"start":{"line":126,"column":26},"end":{"line":126,"column":47}},"56":{"start":{"line":127,"column":4},"end":{"line":127,"column":20}},"57":{"start":{"line":130,"column":33},"end":{"line":133,"column":1}},"58":{"start":{"line":131,"column":28},"end":{"line":131,"column":49}},"59":{"start":{"line":132,"column":4},"end":{"line":132,"column":22}},"60":{"start":{"line":135,"column":32},"end":{"line":138,"column":1}},"61":{"start":{"line":136,"column":27},"end":{"line":136,"column":48}},"62":{"start":{"line":137,"column":4},"end":{"line":137,"column":21}},"63":{"start":{"line":140,"column":34},"end":{"line":143,"column":1}},"64":{"start":{"line":141,"column":29},"end":{"line":141,"column":50}},"65":{"start":{"line":142,"column":4},"end":{"line":142,"column":23}},"66":{"start":{"line":145,"column":30},"end":{"line":148,"column":1}},"67":{"start":{"line":146,"column":25},"end":{"line":146,"column":46}},"68":{"start":{"line":147,"column":4},"end":{"line":147,"column":19}},"69":{"start":{"line":150,"column":26},"end":{"line":158,"column":6}},"70":{"start":{"line":151,"column":4},"end":{"line":158,"column":6}},"71":{"start":{"line":160,"column":29},"end":{"line":167,"column":6}},"72":{"start":{"line":161,"column":4},"end":{"line":167,"column":6}}},"fnMap":{"0":{"name":"(anonymous_0)","decl":{"start":{"line":79,"column":51},"end":{"line":79,"column":52}},"loc":{"start":{"line":79,"column":62},"end":{"line":79,"column":94}},"line":79},"1":{"name":"(anonymous_1)","decl":{"start":{"line":99,"column":51},"end":{"line":99,"column":52}},"loc":{"start":{"line":99,"column":62},"end":{"line":99,"column":94}},"line":99},"2":{"name":"(anonymous_2)","decl":{"start":{"line":119,"column":28},"end":{"line":119,"column":29}},"loc":{"start":{"line":119,"column":38},"end":{"line":121,"column":1}},"line":119},"3":{"name":"(anonymous_3)","decl":{"start":{"line":123,"column":30},"end":{"line":123,"column":31}},"loc":{"start":{"line":123,"column":39},"end":{"line":123,"column":59}},"line":123},"4":{"name":"(anonymous_4)","decl":{"start":{"line":125,"column":31},"end":{"line":125,"column":32}},"loc":{"start":{"line":125,"column":40},"end":{"line":128,"column":1}},"line":125},"5":{"name":"(anonymous_5)","decl":{"start":{"line":130,"column":33},"end":{"line":130,"column":34}},"loc":{"start":{"line":130,"column":42},"end":{"line":133,"column":1}},"line":130},"6":{"name":"(anonymous_6)","decl":{"start":{"line":135,"column":32},"end":{"line":135,"column":33}},"loc":{"start":{"line":135,"column":41},"end":{"line":138,"column":1}},"line":135},"7":{"name":"(anonymous_7)","decl":{"start":{"line":140,"column":34},"end":{"line":140,"column":35}},"loc":{"start":{"line":140,"column":43},"end":{"line":143,"column":1}},"line":140},"8":{"name":"(anonymous_8)","decl":{"start":{"line":145,"column":30},"end":{"line":145,"column":31}},"loc":{"start":{"line":145,"column":39},"end":{"line":148,"column":1}},"line":145},"9":{"name":"(anonymous_9)","decl":{"start":{"line":150,"column":26},"end":{"line":150,"column":27}},"loc":{"start":{"line":151,"column":4},"end":{"line":158,"column":6}},"line":151},"10":{"name":"(anonymous_10)","decl":{"start":{"line":160,"column":29},"end":{"line":160,"column":30}},"loc":{"start":{"line":161,"column":4},"end":{"line":167,"column":6}},"line":161}},"branchMap":{"0":{"loc":{"start":{"line":80,"column":12},"end":{"line":82,"column":13}},"type":"if","locations":[{"start":{"line":80,"column":12},"end":{"line":82,"column":13}},{"start":{"line":80,"column":12},"end":{"line":82,"column":13}}],"line":80},"1":{"loc":{"start":{"line":100,"column":12},"end":{"line":102,"column":13}},"type":"if","locations":[{"start":{"line":100,"column":12},"end":{"line":102,"column":13}},{"start":{"line":100,"column":12},"end":{"line":102,"column":13}}],"line":100}},"s":{"0":4,"1":4,"2":4,"3":1,"4":1,"5":1,"6":1,"7":1,"8":1,"9":1,"10":1,"11":1,"12":1,"13":1,"14":1,"15":1,"16":3,"17":3,"18":3,"19":3,"20":1,"21":1,"22":1,"23":1,"24":1,"25":1,"26":1,"27":1,"28":1,"29":1,"30":1,"31":1,"32":1,"33":1,"34":1,"35":1,"36":1,"37":1,"38":1,"39":1,"40":1,"41":1,"42":1,"43":1,"44":1,"45":1,"46":1,"47":1,"48":1,"49":4,"50":4,"51":19,"52":4,"53":19,"54":4,"55":3,"56":3,"57":4,"58":4,"59":4,"60":4,"61":4,"62":4,"63":4,"64":4,"65":4,"66":4,"67":4,"68":4,"69":4,"70":0,"71":4,"72":0},"f":{"0":1,"1":1,"2":19,"3":19,"4":3,"5":4,"6":4,"7":4,"8":4,"9":0,"10":0},"b":{"0":[1,0],"1":[1,0]},"_coverageSchema":"332fd63041d2c1bcb487cc26dd0d5f7d97098a6c","hash":"f863ee6a8cd8f1c89aec9ca11183e01ebbbbec2a"}
,"/Users/pro/Desktop/Work/Sparta_V-2-Frontend/src/store/GeneralLedger/generalLedger.js": {"path":"/Users/pro/Desktop/Work/Sparta_V-2-Frontend/src/store/GeneralLedger/generalLedger.js","statementMap":{"0":{"start":{"line":6,"column":25},"end":{"line":6,"column":41}},"1":{"start":{"line":7,"column":28},"end":{"line":14,"column":1}},"2":{"start":{"line":16,"column":27},"end":{"line":37,"column":2}},"3":{"start":{"line":21,"column":12},"end":{"line":21,"column":44}},"4":{"start":{"line":22,"column":12},"end":{"line":22,"column":59}},"5":{"start":{"line":23,"column":12},"end":{"line":23,"column":43}},"6":{"start":{"line":26,"column":12},"end":{"line":26,"column":45}},"7":{"start":{"line":27,"column":12},"end":{"line":27,"column":59}},"8":{"start":{"line":28,"column":12},"end":{"line":28,"column":43}},"9":{"start":{"line":29,"column":12},"end":{"line":29,"column":42}},"10":{"start":{"line":32,"column":12},"end":{"line":32,"column":45}},"11":{"start":{"line":33,"column":12},"end":{"line":33,"column":58}},"12":{"start":{"line":34,"column":12},"end":{"line":34,"column":53}},"13":{"start":{"line":43,"column":4},"end":{"line":43,"column":30}},"14":{"start":{"line":45,"column":28},"end":{"line":47,"column":2}},"15":{"start":{"line":45,"column":38},"end":{"line":47,"column":1}},"16":{"start":{"line":49,"column":30},"end":{"line":49,"column":64}},"17":{"start":{"line":49,"column":39},"end":{"line":49,"column":64}},"18":{"start":{"line":51,"column":33},"end":{"line":54,"column":1}},"19":{"start":{"line":52,"column":28},"end":{"line":52,"column":49}},"20":{"start":{"line":53,"column":4},"end":{"line":53,"column":22}},"21":{"start":{"line":56,"column":29},"end":{"line":59,"column":1}},"22":{"start":{"line":57,"column":24},"end":{"line":57,"column":45}},"23":{"start":{"line":58,"column":4},"end":{"line":58,"column":18}},"24":{"start":{"line":61,"column":28},"end":{"line":68,"column":6}},"25":{"start":{"line":62,"column":4},"end":{"line":68,"column":6}}},"fnMap":{"0":{"name":"(anonymous_0)","decl":{"start":{"line":45,"column":28},"end":{"line":45,"column":29}},"loc":{"start":{"line":45,"column":38},"end":{"line":47,"column":1}},"line":45},"1":{"name":"(anonymous_1)","decl":{"start":{"line":49,"column":30},"end":{"line":49,"column":31}},"loc":{"start":{"line":49,"column":39},"end":{"line":49,"column":64}},"line":49},"2":{"name":"(anonymous_2)","decl":{"start":{"line":51,"column":33},"end":{"line":51,"column":34}},"loc":{"start":{"line":51,"column":42},"end":{"line":54,"column":1}},"line":51},"3":{"name":"(anonymous_3)","decl":{"start":{"line":56,"column":29},"end":{"line":56,"column":30}},"loc":{"start":{"line":56,"column":38},"end":{"line":59,"column":1}},"line":56},"4":{"name":"(anonymous_4)","decl":{"start":{"line":61,"column":28},"end":{"line":61,"column":29}},"loc":{"start":{"line":62,"column":4},"end":{"line":68,"column":6}},"line":62}},"branchMap":{},"s":{"0":1,"1":1,"2":1,"3":1,"4":1,"5":1,"6":1,"7":1,"8":1,"9":1,"10":1,"11":1,"12":1,"13":1,"14":1,"15":5,"16":1,"17":5,"18":1,"19":4,"20":4,"21":1,"22":1,"23":1,"24":1,"25":0},"f":{"0":5,"1":5,"2":4,"3":1,"4":0},"b":{},"_coverageSchema":"332fd63041d2c1bcb487cc26dd0d5f7d97098a6c","hash":"9ceda009d6a14c749d833b9eecab32d6da508afe"}
,"/Users/pro/Desktop/Work/Sparta_V-2-Frontend/src/store/Payment/payment.js": {"path":"/Users/pro/Desktop/Work/Sparta_V-2-Frontend/src/store/Payment/payment.js","statementMap":{"0":{"start":{"line":6,"column":25},"end":{"line":6,"column":38}},"1":{"start":{"line":8,"column":28},"end":{"line":15,"column":1}},"2":{"start":{"line":17,"column":21},"end":{"line":38,"column":2}},"3":{"start":{"line":22,"column":12},"end":{"line":22,"column":42}},"4":{"start":{"line":23,"column":12},"end":{"line":23,"column":57}},"5":{"start":{"line":24,"column":12},"end":{"line":24,"column":41}},"6":{"start":{"line":27,"column":12},"end":{"line":27,"column":43}},"7":{"start":{"line":28,"column":12},"end":{"line":28,"column":57}},"8":{"start":{"line":29,"column":12},"end":{"line":29,"column":41}},"9":{"start":{"line":30,"column":12},"end":{"line":30,"column":53}},"10":{"start":{"line":33,"column":12},"end":{"line":33,"column":43}},"11":{"start":{"line":34,"column":12},"end":{"line":34,"column":56}},"12":{"start":{"line":35,"column":12},"end":{"line":35,"column":51}},"13":{"start":{"line":44,"column":4},"end":{"line":44,"column":24}},"14":{"start":{"line":46,"column":28},"end":{"line":48,"column":2}},"15":{"start":{"line":46,"column":38},"end":{"line":48,"column":1}},"16":{"start":{"line":50,"column":30},"end":{"line":50,"column":64}},"17":{"start":{"line":50,"column":39},"end":{"line":50,"column":64}},"18":{"start":{"line":52,"column":31},"end":{"line":55,"column":1}},"19":{"start":{"line":53,"column":26},"end":{"line":53,"column":47}},"20":{"start":{"line":54,"column":4},"end":{"line":54,"column":20}},"21":{"start":{"line":57,"column":33},"end":{"line":60,"column":1}},"22":{"start":{"line":58,"column":35},"end":{"line":58,"column":56}},"23":{"start":{"line":59,"column":4},"end":{"line":59,"column":29}},"24":{"start":{"line":62,"column":26},"end":{"line":70,"column":6}},"25":{"start":{"line":63,"column":4},"end":{"line":70,"column":6}}},"fnMap":{"0":{"name":"(anonymous_0)","decl":{"start":{"line":46,"column":28},"end":{"line":46,"column":29}},"loc":{"start":{"line":46,"column":38},"end":{"line":48,"column":1}},"line":46},"1":{"name":"(anonymous_1)","decl":{"start":{"line":50,"column":30},"end":{"line":50,"column":31}},"loc":{"start":{"line":50,"column":39},"end":{"line":50,"column":64}},"line":50},"2":{"name":"(anonymous_2)","decl":{"start":{"line":52,"column":31},"end":{"line":52,"column":32}},"loc":{"start":{"line":52,"column":40},"end":{"line":55,"column":1}},"line":52},"3":{"name":"(anonymous_3)","decl":{"start":{"line":57,"column":33},"end":{"line":57,"column":34}},"loc":{"start":{"line":57,"column":42},"end":{"line":60,"column":1}},"line":57},"4":{"name":"(anonymous_4)","decl":{"start":{"line":62,"column":26},"end":{"line":62,"column":27}},"loc":{"start":{"line":63,"column":4},"end":{"line":70,"column":6}},"line":63}},"branchMap":{},"s":{"0":1,"1":1,"2":1,"3":1,"4":1,"5":1,"6":1,"7":1,"8":1,"9":1,"10":1,"11":1,"12":1,"13":1,"14":1,"15":5,"16":1,"17":5,"18":1,"19":4,"20":4,"21":1,"22":1,"23":1,"24":1,"25":0},"f":{"0":5,"1":5,"2":4,"3":1,"4":0},"b":{},"_coverageSchema":"332fd63041d2c1bcb487cc26dd0d5f7d97098a6c","hash":"d8268ce71fa35046481a62a339b0b1b3c8c8e5db"}
,"/Users/pro/Desktop/Work/Sparta_V-2-Frontend/src/store/PrintData/index.js": {"path":"/Users/pro/Desktop/Work/Sparta_V-2-Frontend/src/store/PrintData/index.js","statementMap":{"0":{"start":{"line":3,"column":25},"end":{"line":3,"column":36}},"1":{"start":{"line":5,"column":28},"end":{"line":7,"column":1}},"2":{"start":{"line":9,"column":26},"end":{"line":17,"column":2}},"3":{"start":{"line":14,"column":12},"end":{"line":14,"column":44}},"4":{"start":{"line":23,"column":4},"end":{"line":23,"column":22}},"5":{"start":{"line":25,"column":28},"end":{"line":27,"column":2}},"6":{"start":{"line":25,"column":38},"end":{"line":27,"column":1}},"7":{"start":{"line":29,"column":30},"end":{"line":29,"column":64}},"8":{"start":{"line":29,"column":39},"end":{"line":29,"column":64}},"9":{"start":{"line":31,"column":31},"end":{"line":34,"column":1}},"10":{"start":{"line":32,"column":26},"end":{"line":32,"column":47}},"11":{"start":{"line":33,"column":4},"end":{"line":33,"column":20}}},"fnMap":{"0":{"name":"(anonymous_0)","decl":{"start":{"line":25,"column":28},"end":{"line":25,"column":29}},"loc":{"start":{"line":25,"column":38},"end":{"line":27,"column":1}},"line":25},"1":{"name":"(anonymous_1)","decl":{"start":{"line":29,"column":30},"end":{"line":29,"column":31}},"loc":{"start":{"line":29,"column":39},"end":{"line":29,"column":64}},"line":29},"2":{"name":"(anonymous_2)","decl":{"start":{"line":31,"column":31},"end":{"line":31,"column":32}},"loc":{"start":{"line":31,"column":40},"end":{"line":34,"column":1}},"line":31}},"branchMap":{},"s":{"0":1,"1":1,"2":1,"3":1,"4":1,"5":1,"6":1,"7":1,"8":1,"9":1,"10":1,"11":1},"f":{"0":1,"1":1,"2":1},"b":{},"_coverageSchema":"332fd63041d2c1bcb487cc26dd0d5f7d97098a6c","hash":"3dd03986f9d21294fb7599896fee2dc1142d644a"}
,"/Users/pro/Desktop/Work/Sparta_V-2-Frontend/src/store/Tax/tax.js": {"path":"/Users/pro/Desktop/Work/Sparta_V-2-Frontend/src/store/Tax/tax.js","statementMap":{"0":{"start":{"line":6,"column":25},"end":{"line":6,"column":30}},"1":{"start":{"line":7,"column":28},"end":{"line":24,"column":1}},"2":{"start":{"line":26,"column":17},"end":{"line":84,"column":2}},"3":{"start":{"line":31,"column":12},"end":{"line":31,"column":44}},"4":{"start":{"line":32,"column":12},"end":{"line":32,"column":59}},"5":{"start":{"line":33,"column":12},"end":{"line":33,"column":43}},"6":{"start":{"line":36,"column":12},"end":{"line":36,"column":45}},"7":{"start":{"line":37,"column":12},"end":{"line":37,"column":59}},"8":{"start":{"line":38,"column":12},"end":{"line":38,"column":43}},"9":{"start":{"line":39,"column":12},"end":{"line":39,"column":40}},"10":{"start":{"line":42,"column":12},"end":{"line":42,"column":45}},"11":{"start":{"line":43,"column":12},"end":{"line":43,"column":58}},"12":{"start":{"line":44,"column":12},"end":{"line":44,"column":53}},"13":{"start":{"line":48,"column":12},"end":{"line":48,"column":42}},"14":{"start":{"line":49,"column":12},"end":{"line":49,"column":57}},"15":{"start":{"line":50,"column":12},"end":{"line":50,"column":41}},"16":{"start":{"line":53,"column":12},"end":{"line":53,"column":43}},"17":{"start":{"line":54,"column":12},"end":{"line":54,"column":57}},"18":{"start":{"line":55,"column":12},"end":{"line":55,"column":41}},"19":{"start":{"line":56,"column":12},"end":{"line":56,"column":44}},"20":{"start":{"line":59,"column":12},"end":{"line":59,"column":43}},"21":{"start":{"line":60,"column":12},"end":{"line":60,"column":56}},"22":{"start":{"line":61,"column":12},"end":{"line":61,"column":51}},"23":{"start":{"line":65,"column":12},"end":{"line":65,"column":43}},"24":{"start":{"line":66,"column":12},"end":{"line":66,"column":58}},"25":{"start":{"line":67,"column":12},"end":{"line":67,"column":42}},"26":{"start":{"line":70,"column":12},"end":{"line":70,"column":44}},"27":{"start":{"line":71,"column":12},"end":{"line":71,"column":58}},"28":{"start":{"line":72,"column":12},"end":{"line":72,"column":42}},"29":{"start":{"line":73,"column":26},"end":{"line":73,"column":84}},"30":{"start":{"line":73,"column":55},"end":{"line":73,"column":83}},"31":{"start":{"line":74,"column":12},"end":{"line":76,"column":13}},"32":{"start":{"line":75,"column":16},"end":{"line":75,"column":51}},"33":{"start":{"line":79,"column":12},"end":{"line":79,"column":44}},"34":{"start":{"line":80,"column":12},"end":{"line":80,"column":57}},"35":{"start":{"line":81,"column":12},"end":{"line":81,"column":52}},"36":{"start":{"line":92,"column":4},"end":{"line":92,"column":20}},"37":{"start":{"line":94,"column":28},"end":{"line":96,"column":2}},"38":{"start":{"line":94,"column":38},"end":{"line":96,"column":1}},"39":{"start":{"line":98,"column":30},"end":{"line":98,"column":64}},"40":{"start":{"line":98,"column":39},"end":{"line":98,"column":64}},"41":{"start":{"line":100,"column":33},"end":{"line":103,"column":1}},"42":{"start":{"line":101,"column":28},"end":{"line":101,"column":49}},"43":{"start":{"line":102,"column":4},"end":{"line":102,"column":22}},"44":{"start":{"line":105,"column":31},"end":{"line":108,"column":1}},"45":{"start":{"line":106,"column":26},"end":{"line":106,"column":47}},"46":{"start":{"line":107,"column":4},"end":{"line":107,"column":20}},"47":{"start":{"line":110,"column":32},"end":{"line":113,"column":1}},"48":{"start":{"line":111,"column":27},"end":{"line":111,"column":48}},"49":{"start":{"line":112,"column":4},"end":{"line":112,"column":21}},"50":{"start":{"line":115,"column":27},"end":{"line":118,"column":1}},"51":{"start":{"line":116,"column":22},"end":{"line":116,"column":43}},"52":{"start":{"line":117,"column":4},"end":{"line":117,"column":16}},"53":{"start":{"line":120,"column":26},"end":{"line":127,"column":6}},"54":{"start":{"line":121,"column":4},"end":{"line":127,"column":6}},"55":{"start":{"line":129,"column":22},"end":{"line":137,"column":6}},"56":{"start":{"line":130,"column":4},"end":{"line":137,"column":6}},"57":{"start":{"line":139,"column":23},"end":{"line":147,"column":6}},"58":{"start":{"line":140,"column":4},"end":{"line":147,"column":6}}},"fnMap":{"0":{"name":"(anonymous_0)","decl":{"start":{"line":73,"column":48},"end":{"line":73,"column":49}},"loc":{"start":{"line":73,"column":55},"end":{"line":73,"column":83}},"line":73},"1":{"name":"(anonymous_1)","decl":{"start":{"line":94,"column":28},"end":{"line":94,"column":29}},"loc":{"start":{"line":94,"column":38},"end":{"line":96,"column":1}},"line":94},"2":{"name":"(anonymous_2)","decl":{"start":{"line":98,"column":30},"end":{"line":98,"column":31}},"loc":{"start":{"line":98,"column":39},"end":{"line":98,"column":64}},"line":98},"3":{"name":"(anonymous_3)","decl":{"start":{"line":100,"column":33},"end":{"line":100,"column":34}},"loc":{"start":{"line":100,"column":42},"end":{"line":103,"column":1}},"line":100},"4":{"name":"(anonymous_4)","decl":{"start":{"line":105,"column":31},"end":{"line":105,"column":32}},"loc":{"start":{"line":105,"column":40},"end":{"line":108,"column":1}},"line":105},"5":{"name":"(anonymous_5)","decl":{"start":{"line":110,"column":32},"end":{"line":110,"column":33}},"loc":{"start":{"line":110,"column":41},"end":{"line":113,"column":1}},"line":110},"6":{"name":"(anonymous_6)","decl":{"start":{"line":115,"column":27},"end":{"line":115,"column":28}},"loc":{"start":{"line":115,"column":36},"end":{"line":118,"column":1}},"line":115},"7":{"name":"(anonymous_7)","decl":{"start":{"line":120,"column":26},"end":{"line":120,"column":27}},"loc":{"start":{"line":121,"column":4},"end":{"line":127,"column":6}},"line":121},"8":{"name":"(anonymous_8)","decl":{"start":{"line":129,"column":22},"end":{"line":129,"column":23}},"loc":{"start":{"line":130,"column":4},"end":{"line":137,"column":6}},"line":130},"9":{"name":"(anonymous_9)","decl":{"start":{"line":139,"column":23},"end":{"line":139,"column":24}},"loc":{"start":{"line":140,"column":4},"end":{"line":147,"column":6}},"line":140}},"branchMap":{"0":{"loc":{"start":{"line":74,"column":12},"end":{"line":76,"column":13}},"type":"if","locations":[{"start":{"line":74,"column":12},"end":{"line":76,"column":13}},{"start":{"line":74,"column":12},"end":{"line":76,"column":13}}],"line":74}},"s":{"0":3,"1":3,"2":3,"3":1,"4":1,"5":1,"6":2,"7":2,"8":2,"9":2,"10":1,"11":1,"12":1,"13":1,"14":1,"15":1,"16":1,"17":1,"18":1,"19":1,"20":1,"21":1,"22":1,"23":1,"24":1,"25":1,"26":1,"27":1,"28":1,"29":1,"30":1,"31":1,"32":1,"33":1,"34":1,"35":1,"36":3,"37":3,"38":15,"39":3,"40":15,"41":3,"42":4,"43":4,"44":3,"45":4,"46":4,"47":3,"48":4,"49":4,"50":3,"51":3,"52":3,"53":3,"54":0,"55":3,"56":0,"57":3,"58":0},"f":{"0":1,"1":15,"2":15,"3":4,"4":4,"5":4,"6":3,"7":0,"8":0,"9":0},"b":{"0":[1,0]},"_coverageSchema":"332fd63041d2c1bcb487cc26dd0d5f7d97098a6c","hash":"2ecce5c9c826b1f180b7204ffcc62af4d69807da"}
,"/Users/pro/Desktop/Work/Sparta_V-2-Frontend/src/store/TrialBalance/trialBalance.js": {"path":"/Users/pro/Desktop/Work/Sparta_V-2-Frontend/src/store/TrialBalance/trialBalance.js","statementMap":{"0":{"start":{"line":6,"column":20},"end":{"line":6,"column":34}},"1":{"start":{"line":7,"column":28},"end":{"line":14,"column":1}},"2":{"start":{"line":16,"column":26},"end":{"line":40,"column":2}},"3":{"start":{"line":21,"column":12},"end":{"line":21,"column":44}},"4":{"start":{"line":22,"column":12},"end":{"line":22,"column":59}},"5":{"start":{"line":23,"column":12},"end":{"line":23,"column":43}},"6":{"start":{"line":27,"column":12},"end":{"line":27,"column":45}},"7":{"start":{"line":28,"column":12},"end":{"line":28,"column":59}},"8":{"start":{"line":29,"column":12},"end":{"line":29,"column":43}},"9":{"start":{"line":30,"column":12},"end":{"line":30,"column":48}},"10":{"start":{"line":34,"column":12},"end":{"line":34,"column":45}},"11":{"start":{"line":35,"column":12},"end":{"line":35,"column":58}},"12":{"start":{"line":36,"column":12},"end":{"line":36,"column":53}},"13":{"start":{"line":44,"column":4},"end":{"line":44,"column":29}},"14":{"start":{"line":46,"column":28},"end":{"line":48,"column":2}},"15":{"start":{"line":46,"column":38},"end":{"line":48,"column":1}},"16":{"start":{"line":50,"column":30},"end":{"line":50,"column":59}},"17":{"start":{"line":50,"column":39},"end":{"line":50,"column":59}},"18":{"start":{"line":52,"column":33},"end":{"line":55,"column":1}},"19":{"start":{"line":53,"column":28},"end":{"line":53,"column":49}},"20":{"start":{"line":54,"column":4},"end":{"line":54,"column":22}},"21":{"start":{"line":57,"column":35},"end":{"line":60,"column":1}},"22":{"start":{"line":58,"column":30},"end":{"line":58,"column":51}},"23":{"start":{"line":59,"column":4},"end":{"line":59,"column":24}},"24":{"start":{"line":62,"column":34},"end":{"line":69,"column":6}},"25":{"start":{"line":63,"column":4},"end":{"line":69,"column":6}}},"fnMap":{"0":{"name":"(anonymous_0)","decl":{"start":{"line":46,"column":28},"end":{"line":46,"column":29}},"loc":{"start":{"line":46,"column":38},"end":{"line":48,"column":1}},"line":46},"1":{"name":"(anonymous_1)","decl":{"start":{"line":50,"column":30},"end":{"line":50,"column":31}},"loc":{"start":{"line":50,"column":39},"end":{"line":50,"column":59}},"line":50},"2":{"name":"(anonymous_2)","decl":{"start":{"line":52,"column":33},"end":{"line":52,"column":34}},"loc":{"start":{"line":52,"column":42},"end":{"line":55,"column":1}},"line":52},"3":{"name":"(anonymous_3)","decl":{"start":{"line":57,"column":35},"end":{"line":57,"column":36}},"loc":{"start":{"line":57,"column":44},"end":{"line":60,"column":1}},"line":57},"4":{"name":"(anonymous_4)","decl":{"start":{"line":62,"column":34},"end":{"line":62,"column":35}},"loc":{"start":{"line":63,"column":4},"end":{"line":69,"column":6}},"line":63}},"branchMap":{},"s":{"0":1,"1":1,"2":1,"3":1,"4":1,"5":1,"6":1,"7":1,"8":1,"9":1,"10":1,"11":1,"12":1,"13":1,"14":1,"15":4,"16":1,"17":4,"18":1,"19":3,"20":3,"21":1,"22":1,"23":1,"24":1,"25":0},"f":{"0":4,"1":4,"2":3,"3":1,"4":0},"b":{},"_coverageSchema":"332fd63041d2c1bcb487cc26dd0d5f7d97098a6c","hash":"8900d513e2e62a5fd225aaacf011986ed1840682"}
,"/Users/pro/Desktop/Work/Sparta_V-2-Frontend/src/store/interfaces/checkInterface.js": {"path":"/Users/pro/Desktop/Work/Sparta_V-2-Frontend/src/store/interfaces/checkInterface.js","statementMap":{"0":{"start":{"line":1,"column":30},"end":{"line":19,"column":1}},"1":{"start":{"line":2,"column":24},"end":{"line":2,"column":26}},"2":{"start":{"line":3,"column":4},"end":{"line":5,"column":5}},"3":{"start":{"line":4,"column":8},"end":{"line":4,"column":32}},"4":{"start":{"line":7,"column":21},"end":{"line":7,"column":25}},"5":{"start":{"line":8,"column":4},"end":{"line":16,"column":6}},"6":{"start":{"line":9,"column":8},"end":{"line":11,"column":9}},"7":{"start":{"line":10,"column":12},"end":{"line":10,"column":30}},"8":{"start":{"line":13,"column":8},"end":{"line":15,"column":9}},"9":{"start":{"line":14,"column":12},"end":{"line":14,"column":30}},"10":{"start":{"line":18,"column":4},"end":{"line":18,"column":21}},"11":{"start":{"line":21,"column":24},"end":{"line":31,"column":1}},"12":{"start":{"line":22,"column":4},"end":{"line":30,"column":5}},"13":{"start":{"line":23,"column":8},"end":{"line":25,"column":9}},"14":{"start":{"line":27,"column":8},"end":{"line":29,"column":9}}},"fnMap":{"0":{"name":"(anonymous_0)","decl":{"start":{"line":1,"column":30},"end":{"line":1,"column":31}},"loc":{"start":{"line":1,"column":52},"end":{"line":19,"column":1}},"line":1},"1":{"name":"(anonymous_1)","decl":{"start":{"line":8,"column":26},"end":{"line":8,"column":27}},"loc":{"start":{"line":8,"column":34},"end":{"line":16,"column":5}},"line":8},"2":{"name":"(anonymous_2)","decl":{"start":{"line":21,"column":24},"end":{"line":21,"column":25}},"loc":{"start":{"line":21,"column":46},"end":{"line":31,"column":1}},"line":21}},"branchMap":{"0":{"loc":{"start":{"line":9,"column":8},"end":{"line":11,"column":9}},"type":"if","locations":[{"start":{"line":9,"column":8},"end":{"line":11,"column":9}},{"start":{"line":9,"column":8},"end":{"line":11,"column":9}}],"line":9},"1":{"loc":{"start":{"line":13,"column":8},"end":{"line":15,"column":9}},"type":"if","locations":[{"start":{"line":13,"column":8},"end":{"line":15,"column":9}},{"start":{"line":13,"column":8},"end":{"line":15,"column":9}}],"line":13},"2":{"loc":{"start":{"line":22,"column":4},"end":{"line":30,"column":5}},"type":"if","locations":[{"start":{"line":22,"column":4},"end":{"line":30,"column":5}},{"start":{"line":22,"column":4},"end":{"line":30,"column":5}}],"line":22}},"s":{"0":2,"1":3,"2":3,"3":12,"4":3,"5":3,"6":12,"7":5,"8":12,"9":5,"10":3,"11":2,"12":1,"13":0,"14":1},"f":{"0":3,"1":12,"2":1},"b":{"0":[5,7],"1":[5,7],"2":[0,1]},"_coverageSchema":"332fd63041d2c1bcb487cc26dd0d5f7d97098a6c","hash":"2469594700a797fdbadc9dce40b974d47f636e83"}
,"/Users/pro/Desktop/Work/Sparta_V-2-Frontend/src/store/interfaces/Partner/index.js": {"path":"/Users/pro/Desktop/Work/Sparta_V-2-Frontend/src/store/interfaces/Partner/index.js","statementMap":{"0":{"start":{"line":1,"column":32},"end":{"line":6,"column":1}}},"fnMap":{},"branchMap":{},"s":{"0":2},"f":{},"b":{},"_coverageSchema":"332fd63041d2c1bcb487cc26dd0d5f7d97098a6c","hash":"e1153e54ad871d71719b76cf90d4838987eeb2d8"}
,"/Users/pro/Desktop/Work/Sparta_V-2-Frontend/src/store/partner/addPartner.js": {"path":"/Users/pro/Desktop/Work/Sparta_V-2-Frontend/src/store/partner/addPartner.js","statementMap":{"0":{"start":{"line":3,"column":26},"end":{"line":5,"column":1}},"1":{"start":{"line":4,"column":4},"end":{"line":4,"column":38}}},"fnMap":{"0":{"name":"(anonymous_0)","decl":{"start":{"line":3,"column":26},"end":{"line":3,"column":27}},"loc":{"start":{"line":3,"column":44},"end":{"line":5,"column":1}},"line":3}},"branchMap":{},"s":{"0":1,"1":1},"f":{"0":1},"b":{},"_coverageSchema":"332fd63041d2c1bcb487cc26dd0d5f7d97098a6c","hash":"88f2efc314779d098a49458eec48b26fc9ab4002"}
}
