TN:
SF:/Users/pro/Desktop/Work/Sparta_V-2-Frontend/src/config/customStatus.js
FNF:0
FNH:0
LF:0
LH:0
BRF:0
BRH:0
end_of_record
TN:
SF:/Users/pro/Desktop/Work/Sparta_V-2-Frontend/src/config/endPoints.js
FNF:0
FNH:0
LF:0
LH:0
BRF:0
BRH:0
end_of_record
TN:
SF:/Users/pro/Desktop/Work/Sparta_V-2-Frontend/src/config/filterTypes.js
FNF:0
FNH:0
DA:1,1
LF:1
LH:1
BRF:0
BRH:0
end_of_record
TN:
SF:/Users/pro/Desktop/Work/Sparta_V-2-Frontend/src/store/api.js
FNF:0
FNH:0
DA:3,16
DA:4,16
DA:5,16
LF:3
LH:3
BRF:0
BRH:0
end_of_record
TN:
SF:/Users/pro/Desktop/Work/Sparta_V-2-Frontend/src/store/ChartsOfAccounts/account.js
FN:82,(anonymous_0)
FN:104,(anonymous_1)
FN:117,(anonymous_2)
FN:121,(anonymous_3)
FN:130,(anonymous_4)
FN:137,(anonymous_5)
FN:142,(anonymous_6)
FN:147,(anonymous_7)
FN:152,(anonymous_8)
FN:157,(anonymous_9)
FN:166,(anonymous_10)
FN:176,(anonymous_11)
FN:186,(anonymous_12)
FNF:13
FNH:9
FNDA:1,(anonymous_0)
FNDA:1,(anonymous_1)
FNDA:16,(anonymous_2)
FNDA:16,(anonymous_3)
FNDA:3,(anonymous_4)
FNDA:3,(anonymous_5)
FNDA:3,(anonymous_6)
FNDA:3,(anonymous_7)
FNDA:4,(anonymous_8)
FNDA:0,(anonymous_9)
FNDA:0,(anonymous_10)
FNDA:0,(anonymous_11)
FNDA:0,(anonymous_12)
DA:6,4
DA:28,4
DA:30,4
DA:35,1
DA:36,1
DA:37,1
DA:41,3
DA:42,3
DA:43,3
DA:44,3
DA:48,1
DA:49,1
DA:50,1
DA:54,1
DA:55,1
DA:56,1
DA:60,1
DA:61,1
DA:62,1
DA:63,1
DA:67,1
DA:68,1
DA:69,1
DA:73,1
DA:74,1
DA:75,1
DA:79,1
DA:80,1
DA:81,1
DA:82,1
DA:83,1
DA:84,1
DA:89,1
DA:90,1
DA:91,1
DA:95,1
DA:96,1
DA:97,1
DA:101,1
DA:102,1
DA:103,1
DA:104,1
DA:105,1
DA:106,1
DA:110,1
DA:111,1
DA:112,1
DA:117,16
DA:121,16
DA:128,4
DA:130,4
DA:131,3
DA:132,3
DA:137,4
DA:138,3
DA:139,3
DA:142,4
DA:143,3
DA:144,3
DA:147,4
DA:148,3
DA:149,3
DA:152,4
DA:153,4
DA:154,4
DA:157,4
DA:158,0
DA:166,4
DA:167,0
DA:176,4
DA:177,0
DA:186,4
DA:187,0
LF:73
LH:69
BRDA:83,0,0,1
BRDA:83,0,1,0
BRDA:105,1,0,1
BRDA:105,1,1,0
BRF:4
BRH:2
end_of_record
TN:
SF:/Users/pro/Desktop/Work/Sparta_V-2-Frontend/src/store/FilterData/index.js
FN:10,(anonymous_0)
FN:12,(anonymous_1)
FN:104,(anonymous_2)
FN:108,(anonymous_3)
FN:110,(anonymous_4)
FN:115,(anonymous_5)
FN:120,(anonymous_6)
FNF:7
FNH:6
FNDA:7,(anonymous_0)
FNDA:21,(anonymous_1)
FNDA:5,(anonymous_2)
FNDA:5,(anonymous_3)
FNDA:0,(anonymous_4)
FNDA:1,(anonymous_5)
FNDA:4,(anonymous_6)
DA:4,1
DA:5,1
DA:10,1
DA:11,7
DA:12,7
DA:13,21
DA:14,21
DA:15,21
DA:17,11
DA:18,6
DA:20,11
DA:24,3
DA:25,3
DA:26,1
DA:28,3
DA:32,4
DA:33,4
DA:34,4
DA:35,2
DA:36,2
DA:37,1
DA:38,1
DA:39,0
DA:40,0
DA:41,0
DA:45,4
DA:49,3
DA:50,3
DA:51,3
DA:52,1
DA:53,2
DA:54,2
DA:55,0
DA:56,2
DA:57,0
DA:58,0
DA:62,3
DA:65,0
DA:69,7
DA:73,1
DA:78,7
DA:79,7
DA:87,4
DA:88,4
DA:89,5
DA:93,4
DA:100,1
DA:104,5
DA:108,5
DA:110,1
DA:111,0
DA:112,0
DA:115,1
DA:116,1
DA:117,1
DA:120,1
DA:123,4
DA:124,4
LF:58
LH:49
BRDA:15,0,0,11
BRDA:15,0,1,3
BRDA:15,0,2,4
BRDA:15,0,3,3
BRDA:15,0,4,0
BRDA:17,1,0,6
BRDA:17,1,1,5
BRDA:25,2,0,1
BRDA:25,2,1,2
BRDA:34,3,0,2
BRDA:34,3,1,2
BRDA:36,4,0,1
BRDA:36,4,1,1
BRDA:37,5,0,1
BRDA:37,5,1,0
BRDA:39,6,0,0
BRDA:39,6,1,0
BRDA:40,7,0,0
BRDA:40,7,1,0
BRDA:51,8,0,1
BRDA:51,8,1,2
BRDA:53,9,0,2
BRDA:53,9,1,0
BRDA:54,10,0,0
BRDA:54,10,1,2
BRDA:56,11,0,0
BRDA:56,11,1,2
BRDA:57,12,0,0
BRDA:57,12,1,0
BRF:29
BRH:18
end_of_record
TN:
SF:/Users/pro/Desktop/Work/Sparta_V-2-Frontend/src/store/FiscalYear/fiscalYear.js
FN:44,(anonymous_0)
FN:45,(anonymous_1)
FN:47,(anonymous_2)
FN:51,(anonymous_3)
FN:58,(anonymous_4)
FNF:5
FNH:4
FNDA:3,(anonymous_0)
FNDA:4,(anonymous_1)
FNDA:3,(anonymous_2)
FNDA:1,(anonymous_3)
FNDA:0,(anonymous_4)
DA:6,1
DA:13,1
DA:15,1
DA:20,1
DA:21,1
DA:22,1
DA:26,1
DA:27,1
DA:28,1
DA:29,1
DA:33,1
DA:34,1
DA:35,1
DA:42,1
DA:44,3
DA:45,4
DA:47,1
DA:48,3
DA:49,3
DA:51,1
DA:52,1
DA:53,1
DA:58,1
DA:59,0
LF:24
LH:23
BRF:0
BRH:0
end_of_record
TN:
SF:/Users/pro/Desktop/Work/Sparta_V-2-Frontend/src/store/FiscalYear/period.js
FN:42,(anonymous_0)
FN:62,(anonymous_1)
FN:63,(anonymous_2)
FN:70,(anonymous_3)
FN:72,(anonymous_4)
FN:81,(anonymous_5)
FNF:6
FNH:4
FNDA:1,(anonymous_0)
FNDA:2,(anonymous_1)
FNDA:6,(anonymous_2)
FNDA:8,(anonymous_3)
FNDA:0,(anonymous_4)
FNDA:0,(anonymous_5)
DA:6,1
DA:14,1
DA:19,1
DA:20,1
DA:21,1
DA:24,2
DA:25,2
DA:26,2
DA:29,1
DA:30,1
DA:31,1
DA:34,1
DA:35,1
DA:36,1
DA:39,1
DA:40,1
DA:41,1
DA:42,1
DA:43,1
DA:44,1
DA:48,1
DA:49,1
DA:50,1
DA:59,1
DA:62,2
DA:63,1
DA:64,6
DA:65,6
DA:70,8
DA:72,1
DA:73,0
DA:81,1
DA:82,0
LF:33
LH:31
BRDA:43,0,0,1
BRDA:43,0,1,0
BRF:2
BRH:1
end_of_record
TN:
SF:/Users/pro/Desktop/Work/Sparta_V-2-Frontend/src/store/GeneralJournal/generalJournal.js
FN:79,(anonymous_0)
FN:99,(anonymous_1)
FN:119,(anonymous_2)
FN:123,(anonymous_3)
FN:125,(anonymous_4)
FN:130,(anonymous_5)
FN:135,(anonymous_6)
FN:140,(anonymous_7)
FN:145,(anonymous_8)
FN:150,(anonymous_9)
FN:160,(anonymous_10)
FNF:11
FNH:9
FNDA:1,(anonymous_0)
FNDA:1,(anonymous_1)
FNDA:19,(anonymous_2)
FNDA:19,(anonymous_3)
FNDA:3,(anonymous_4)
FNDA:4,(anonymous_5)
FNDA:4,(anonymous_6)
FNDA:4,(anonymous_7)
FNDA:4,(anonymous_8)
FNDA:0,(anonymous_9)
FNDA:0,(anonymous_10)
DA:6,4
DA:30,4
DA:32,4
DA:37,1
DA:38,1
DA:39,1
DA:42,1
DA:43,1
DA:44,1
DA:45,1
DA:48,1
DA:49,1
DA:50,1
DA:54,1
DA:55,1
DA:56,1
DA:59,3
DA:60,3
DA:61,3
DA:62,3
DA:65,1
DA:66,1
DA:67,1
DA:71,1
DA:72,1
DA:73,1
DA:76,1
DA:77,1
DA:78,1
DA:79,1
DA:80,1
DA:81,1
DA:85,1
DA:86,1
DA:87,1
DA:91,1
DA:92,1
DA:93,1
DA:96,1
DA:97,1
DA:98,1
DA:99,1
DA:100,1
DA:101,1
DA:105,1
DA:106,1
DA:107,1
DA:117,4
DA:119,19
DA:123,19
DA:125,4
DA:126,3
DA:127,3
DA:130,4
DA:131,4
DA:132,4
DA:135,4
DA:136,4
DA:137,4
DA:140,4
DA:141,4
DA:142,4
DA:145,4
DA:146,4
DA:147,4
DA:150,4
DA:151,0
DA:160,4
DA:161,0
LF:69
LH:67
BRDA:80,0,0,1
BRDA:80,0,1,0
BRDA:100,1,0,1
BRDA:100,1,1,0
BRF:4
BRH:2
end_of_record
TN:
SF:/Users/pro/Desktop/Work/Sparta_V-2-Frontend/src/store/GeneralLedger/generalLedger.js
FN:45,(anonymous_0)
FN:49,(anonymous_1)
FN:51,(anonymous_2)
FN:56,(anonymous_3)
FN:61,(anonymous_4)
FNF:5
FNH:4
FNDA:5,(anonymous_0)
FNDA:5,(anonymous_1)
FNDA:4,(anonymous_2)
FNDA:1,(anonymous_3)
FNDA:0,(anonymous_4)
DA:6,1
DA:7,1
DA:16,1
DA:21,1
DA:22,1
DA:23,1
DA:26,1
DA:27,1
DA:28,1
DA:29,1
DA:32,1
DA:33,1
DA:34,1
DA:43,1
DA:45,5
DA:49,5
DA:51,1
DA:52,4
DA:53,4
DA:56,1
DA:57,1
DA:58,1
DA:61,1
DA:62,0
LF:24
LH:23
BRF:0
BRH:0
end_of_record
TN:
SF:/Users/pro/Desktop/Work/Sparta_V-2-Frontend/src/store/Payment/payment.js
FN:46,(anonymous_0)
FN:50,(anonymous_1)
FN:52,(anonymous_2)
FN:57,(anonymous_3)
FN:62,(anonymous_4)
FNF:5
FNH:4
FNDA:5,(anonymous_0)
FNDA:5,(anonymous_1)
FNDA:4,(anonymous_2)
FNDA:1,(anonymous_3)
FNDA:0,(anonymous_4)
DA:6,1
DA:8,1
DA:17,1
DA:22,1
DA:23,1
DA:24,1
DA:27,1
DA:28,1
DA:29,1
DA:30,1
DA:33,1
DA:34,1
DA:35,1
DA:44,1
DA:46,5
DA:50,5
DA:52,1
DA:53,4
DA:54,4
DA:57,1
DA:58,1
DA:59,1
DA:62,1
DA:63,0
LF:24
LH:23
BRF:0
BRH:0
end_of_record
TN:
SF:/Users/pro/Desktop/Work/Sparta_V-2-Frontend/src/store/PrintData/index.js
FN:25,(anonymous_0)
FN:29,(anonymous_1)
FN:31,(anonymous_2)
FNF:3
FNH:3
FNDA:1,(anonymous_0)
FNDA:1,(anonymous_1)
FNDA:1,(anonymous_2)
DA:3,1
DA:5,1
DA:9,1
DA:14,1
DA:23,1
DA:25,1
DA:29,1
DA:31,1
DA:32,1
DA:33,1
LF:10
LH:10
BRF:0
BRH:0
end_of_record
TN:
SF:/Users/pro/Desktop/Work/Sparta_V-2-Frontend/src/store/Tax/tax.js
FN:73,(anonymous_0)
FN:94,(anonymous_1)
FN:98,(anonymous_2)
FN:100,(anonymous_3)
FN:105,(anonymous_4)
FN:110,(anonymous_5)
FN:115,(anonymous_6)
FN:120,(anonymous_7)
FN:129,(anonymous_8)
FN:139,(anonymous_9)
FNF:10
FNH:7
FNDA:1,(anonymous_0)
FNDA:15,(anonymous_1)
FNDA:15,(anonymous_2)
FNDA:4,(anonymous_3)
FNDA:4,(anonymous_4)
FNDA:4,(anonymous_5)
FNDA:3,(anonymous_6)
FNDA:0,(anonymous_7)
FNDA:0,(anonymous_8)
FNDA:0,(anonymous_9)
DA:6,3
DA:7,3
DA:26,3
DA:31,1
DA:32,1
DA:33,1
DA:36,2
DA:37,2
DA:38,2
DA:39,2
DA:42,1
DA:43,1
DA:44,1
DA:48,1
DA:49,1
DA:50,1
DA:53,1
DA:54,1
DA:55,1
DA:56,1
DA:59,1
DA:60,1
DA:61,1
DA:65,1
DA:66,1
DA:67,1
DA:70,1
DA:71,1
DA:72,1
DA:73,1
DA:74,1
DA:75,1
DA:79,1
DA:80,1
DA:81,1
DA:92,3
DA:94,15
DA:98,15
DA:100,3
DA:101,4
DA:102,4
DA:105,3
DA:106,4
DA:107,4
DA:110,3
DA:111,4
DA:112,4
DA:115,3
DA:116,3
DA:117,3
DA:120,3
DA:121,0
DA:129,3
DA:130,0
DA:139,3
DA:140,0
LF:56
LH:53
BRDA:74,0,0,1
BRDA:74,0,1,0
BRF:2
BRH:1
end_of_record
TN:
SF:/Users/pro/Desktop/Work/Sparta_V-2-Frontend/src/store/TrialBalance/trialBalance.js
FN:46,(anonymous_0)
FN:50,(anonymous_1)
FN:52,(anonymous_2)
FN:57,(anonymous_3)
FN:62,(anonymous_4)
FNF:5
FNH:4
FNDA:4,(anonymous_0)
FNDA:4,(anonymous_1)
FNDA:3,(anonymous_2)
FNDA:1,(anonymous_3)
FNDA:0,(anonymous_4)
DA:6,1
DA:7,1
DA:16,1
DA:21,1
DA:22,1
DA:23,1
DA:27,1
DA:28,1
DA:29,1
DA:30,1
DA:34,1
DA:35,1
DA:36,1
DA:44,1
DA:46,4
DA:50,4
DA:52,1
DA:53,3
DA:54,3
DA:57,1
DA:58,1
DA:59,1
DA:62,1
DA:63,0
LF:24
LH:23
BRF:0
BRH:0
end_of_record
TN:
SF:/Users/pro/Desktop/Work/Sparta_V-2-Frontend/src/store/interfaces/checkInterface.js
FN:1,(anonymous_0)
FN:8,(anonymous_1)
FN:21,(anonymous_2)
FNF:3
FNH:3
FNDA:3,(anonymous_0)
FNDA:12,(anonymous_1)
FNDA:1,(anonymous_2)
DA:1,2
DA:2,3
DA:3,3
DA:4,12
DA:7,3
DA:8,3
DA:9,12
DA:10,5
DA:13,12
DA:14,5
DA:18,3
DA:21,2
DA:22,1
DA:23,0
DA:27,1
LF:15
LH:14
BRDA:9,0,0,5
BRDA:9,0,1,7
BRDA:13,1,0,5
BRDA:13,1,1,7
BRDA:22,2,0,0
BRDA:22,2,1,1
BRF:6
BRH:5
end_of_record
TN:
SF:/Users/pro/Desktop/Work/Sparta_V-2-Frontend/src/store/interfaces/Partner/index.js
FNF:0
FNH:0
DA:1,2
LF:1
LH:1
BRF:0
BRH:0
end_of_record
TN:
SF:/Users/pro/Desktop/Work/Sparta_V-2-Frontend/src/store/partner/addPartner.js
FN:3,(anonymous_0)
FNF:1
FNH:1
FNDA:1,(anonymous_0)
DA:3,1
DA:4,1
LF:2
LH:2
BRF:0
BRH:0
end_of_record
